{"C:\\Users\\Mauricio Monroy\\GridMaster_Frontend\\src\\main\\resources\\static\\js\\game.js": {"path":"C:\\Users\\Mauricio Monroy\\GridMaster_Frontend\\src\\main\\resources\\static\\js\\game.js","statementMap":{"0":{"start":{"line":1,"column":15},"end":{"line":386,"column":4}},"1":{"start":{"line":2,"column":22},"end":{"line":2,"column":54}},"2":{"start":{"line":4,"column":19},"end":{"line":4,"column":49}},"3":{"start":{"line":5,"column":22},"end":{"line":5,"column":55}},"4":{"start":{"line":6,"column":25},"end":{"line":6,"column":61}},"5":{"start":{"line":7,"column":24},"end":{"line":7,"column":26}},"6":{"start":{"line":8,"column":27},"end":{"line":8,"column":29}},"7":{"start":{"line":9,"column":26},"end":{"line":9,"column":35}},"8":{"start":{"line":10,"column":25},"end":{"line":10,"column":29}},"9":{"start":{"line":12,"column":23},"end":{"line":12,"column":57}},"10":{"start":{"line":13,"column":31},"end":{"line":13,"column":73}},"11":{"start":{"line":14,"column":24},"end":{"line":14,"column":28}},"12":{"start":{"line":15,"column":25},"end":{"line":15,"column":29}},"13":{"start":{"line":16,"column":23},"end":{"line":16,"column":27}},"14":{"start":{"line":18,"column":32},"end":{"line":18,"column":105}},"15":{"start":{"line":21,"column":19},"end":{"line":21,"column":80}},"16":{"start":{"line":21,"column":54},"end":{"line":21,"column":79}},"17":{"start":{"line":22,"column":26},"end":{"line":22,"column":30}},"18":{"start":{"line":23,"column":22},"end":{"line":23,"column":24}},"19":{"start":{"line":25,"column":18},"end":{"line":27,"column":5}},"20":{"start":{"line":26,"column":8},"end":{"line":26,"column":20}},"21":{"start":{"line":29,"column":21},"end":{"line":31,"column":5}},"22":{"start":{"line":30,"column":8},"end":{"line":30,"column":23}},"23":{"start":{"line":34,"column":8},"end":{"line":34,"column":27}},"24":{"start":{"line":38,"column":8},"end":{"line":38,"column":33}},"25":{"start":{"line":42,"column":8},"end":{"line":42,"column":31}},"26":{"start":{"line":46,"column":8},"end":{"line":46,"column":23}},"27":{"start":{"line":49,"column":28},"end":{"line":54,"column":5}},"28":{"start":{"line":56,"column":26},"end":{"line":79,"column":5}},"29":{"start":{"line":57,"column":8},"end":{"line":78,"column":11}},"30":{"start":{"line":58,"column":12},"end":{"line":58,"column":32}},"31":{"start":{"line":59,"column":24},"end":{"line":59,"column":36}},"32":{"start":{"line":60,"column":29},"end":{"line":60,"column":61}},"33":{"start":{"line":61,"column":12},"end":{"line":61,"column":35}},"34":{"start":{"line":62,"column":12},"end":{"line":62,"column":49}},"35":{"start":{"line":63,"column":12},"end":{"line":63,"column":52}},"36":{"start":{"line":65,"column":12},"end":{"line":65,"column":84}},"37":{"start":{"line":67,"column":12},"end":{"line":67,"column":43}},"38":{"start":{"line":69,"column":12},"end":{"line":73,"column":13}},"39":{"start":{"line":71,"column":20},"end":{"line":71,"column":36}},"40":{"start":{"line":75,"column":12},"end":{"line":75,"column":34}},"41":{"start":{"line":76,"column":12},"end":{"line":76,"column":36}},"42":{"start":{"line":77,"column":12},"end":{"line":77,"column":31}},"43":{"start":{"line":81,"column":25},"end":{"line":85,"column":5}},"44":{"start":{"line":82,"column":8},"end":{"line":82,"column":20}},"45":{"start":{"line":83,"column":8},"end":{"line":83,"column":23}},"46":{"start":{"line":87,"column":24},"end":{"line":105,"column":5}},"47":{"start":{"line":88,"column":8},"end":{"line":104,"column":11}},"48":{"start":{"line":89,"column":12},"end":{"line":103,"column":14}},"49":{"start":{"line":91,"column":20},"end":{"line":91,"column":36}},"50":{"start":{"line":93,"column":32},"end":{"line":93,"column":39}},"51":{"start":{"line":94,"column":37},"end":{"line":94,"column":69}},"52":{"start":{"line":95,"column":20},"end":{"line":101,"column":23}},"53":{"start":{"line":97,"column":38},"end":{"line":97,"column":45}},"54":{"start":{"line":98,"column":41},"end":{"line":98,"column":49}},"55":{"start":{"line":99,"column":39},"end":{"line":99,"column":56}},"56":{"start":{"line":100,"column":28},"end":{"line":100,"column":66}},"57":{"start":{"line":108,"column":8},"end":{"line":108,"column":82}},"58":{"start":{"line":108,"column":40},"end":{"line":108,"column":71}},"59":{"start":{"line":111,"column":20},"end":{"line":151,"column":5}},"60":{"start":{"line":113,"column":22},"end":{"line":113,"column":54}},"61":{"start":{"line":114,"column":8},"end":{"line":117,"column":9}},"62":{"start":{"line":115,"column":12},"end":{"line":115,"column":65}},"63":{"start":{"line":116,"column":12},"end":{"line":116,"column":19}},"64":{"start":{"line":120,"column":8},"end":{"line":120,"column":48}},"65":{"start":{"line":121,"column":8},"end":{"line":121,"column":54}},"66":{"start":{"line":123,"column":8},"end":{"line":123,"column":62}},"67":{"start":{"line":125,"column":8},"end":{"line":135,"column":9}},"68":{"start":{"line":125,"column":21},"end":{"line":125,"column":22}},"69":{"start":{"line":126,"column":12},"end":{"line":134,"column":13}},"70":{"start":{"line":126,"column":25},"end":{"line":126,"column":26}},"71":{"start":{"line":127,"column":29},"end":{"line":127,"column":58}},"72":{"start":{"line":128,"column":16},"end":{"line":128,"column":43}},"73":{"start":{"line":131,"column":16},"end":{"line":131,"column":34}},"74":{"start":{"line":133,"column":16},"end":{"line":133,"column":40}},"75":{"start":{"line":139,"column":27},"end":{"line":139,"column":56}},"76":{"start":{"line":140,"column":24},"end":{"line":140,"column":53}},"77":{"start":{"line":141,"column":8},"end":{"line":141,"column":41}},"78":{"start":{"line":142,"column":8},"end":{"line":142,"column":52}},"79":{"start":{"line":143,"column":8},"end":{"line":143,"column":40}},"80":{"start":{"line":145,"column":8},"end":{"line":145,"column":29}},"81":{"start":{"line":147,"column":8},"end":{"line":150,"column":9}},"82":{"start":{"line":148,"column":12},"end":{"line":148,"column":59}},"83":{"start":{"line":149,"column":12},"end":{"line":149,"column":61}},"84":{"start":{"line":153,"column":20},"end":{"line":157,"column":5}},"85":{"start":{"line":154,"column":8},"end":{"line":156,"column":11}},"86":{"start":{"line":155,"column":12},"end":{"line":155,"column":96}},"87":{"start":{"line":159,"column":19},"end":{"line":175,"column":5}},"88":{"start":{"line":161,"column":22},"end":{"line":161,"column":47}},"89":{"start":{"line":162,"column":22},"end":{"line":162,"column":35}},"90":{"start":{"line":164,"column":23},"end":{"line":164,"column":58}},"91":{"start":{"line":165,"column":23},"end":{"line":165,"column":58}},"92":{"start":{"line":167,"column":8},"end":{"line":167,"column":42}},"93":{"start":{"line":168,"column":8},"end":{"line":172,"column":9}},"94":{"start":{"line":169,"column":12},"end":{"line":169,"column":44}},"95":{"start":{"line":170,"column":12},"end":{"line":170,"column":45}},"96":{"start":{"line":171,"column":12},"end":{"line":171,"column":78}},"97":{"start":{"line":173,"column":8},"end":{"line":173,"column":19}},"98":{"start":{"line":174,"column":8},"end":{"line":174,"column":89}},"99":{"start":{"line":177,"column":27},"end":{"line":190,"column":5}},"100":{"start":{"line":178,"column":31},"end":{"line":178,"column":72}},"101":{"start":{"line":179,"column":8},"end":{"line":179,"column":38}},"102":{"start":{"line":181,"column":8},"end":{"line":189,"column":11}},"103":{"start":{"line":182,"column":24},"end":{"line":182,"column":52}},"104":{"start":{"line":183,"column":12},"end":{"line":187,"column":14}},"105":{"start":{"line":188,"column":12},"end":{"line":188,"column":44}},"106":{"start":{"line":192,"column":21},"end":{"line":195,"column":5}},"107":{"start":{"line":193,"column":26},"end":{"line":193,"column":58}},"108":{"start":{"line":194,"column":8},"end":{"line":194,"column":37}},"109":{"start":{"line":197,"column":4},"end":{"line":212,"column":7}},"110":{"start":{"line":198,"column":8},"end":{"line":211,"column":9}},"111":{"start":{"line":200,"column":16},"end":{"line":200,"column":33}},"112":{"start":{"line":201,"column":16},"end":{"line":201,"column":22}},"113":{"start":{"line":203,"column":16},"end":{"line":203,"column":35}},"114":{"start":{"line":204,"column":16},"end":{"line":204,"column":22}},"115":{"start":{"line":206,"column":16},"end":{"line":206,"column":35}},"116":{"start":{"line":207,"column":16},"end":{"line":207,"column":22}},"117":{"start":{"line":209,"column":16},"end":{"line":209,"column":36}},"118":{"start":{"line":210,"column":16},"end":{"line":210,"column":22}},"119":{"start":{"line":214,"column":20},"end":{"line":214,"column":37}},"120":{"start":{"line":216,"column":21},"end":{"line":221,"column":5}},"121":{"start":{"line":218,"column":8},"end":{"line":220,"column":11}},"122":{"start":{"line":218,"column":41},"end":{"line":218,"column":63}},"123":{"start":{"line":219,"column":12},"end":{"line":219,"column":66}},"124":{"start":{"line":226,"column":23},"end":{"line":226,"column":32}},"125":{"start":{"line":227,"column":26},"end":{"line":227,"column":38}},"126":{"start":{"line":229,"column":21},"end":{"line":229,"column":30}},"127":{"start":{"line":230,"column":24},"end":{"line":230,"column":36}},"128":{"start":{"line":233,"column":8},"end":{"line":241,"column":9}},"129":{"start":{"line":234,"column":12},"end":{"line":234,"column":21}},"130":{"start":{"line":235,"column":15},"end":{"line":241,"column":9}},"131":{"start":{"line":236,"column":12},"end":{"line":236,"column":21}},"132":{"start":{"line":237,"column":15},"end":{"line":241,"column":9}},"133":{"start":{"line":238,"column":12},"end":{"line":238,"column":24}},"134":{"start":{"line":239,"column":15},"end":{"line":241,"column":9}},"135":{"start":{"line":240,"column":12},"end":{"line":240,"column":24}},"136":{"start":{"line":243,"column":8},"end":{"line":264,"column":15}},"137":{"start":{"line":244,"column":24},"end":{"line":244,"column":59}},"138":{"start":{"line":247,"column":16},"end":{"line":251,"column":18}},"139":{"start":{"line":253,"column":16},"end":{"line":253,"column":40}},"140":{"start":{"line":254,"column":16},"end":{"line":254,"column":43}},"141":{"start":{"line":258,"column":16},"end":{"line":258,"column":57}},"142":{"start":{"line":259,"column":16},"end":{"line":259,"column":37}},"143":{"start":{"line":263,"column":16},"end":{"line":263,"column":80}},"144":{"start":{"line":267,"column":25},"end":{"line":284,"column":5}},"145":{"start":{"line":268,"column":29},"end":{"line":268,"column":58}},"146":{"start":{"line":269,"column":32},"end":{"line":269,"column":70}},"147":{"start":{"line":270,"column":8},"end":{"line":272,"column":9}},"148":{"start":{"line":271,"column":12},"end":{"line":271,"column":54}},"149":{"start":{"line":273,"column":8},"end":{"line":273,"column":51}},"150":{"start":{"line":275,"column":8},"end":{"line":275,"column":27}},"151":{"start":{"line":276,"column":8},"end":{"line":276,"column":33}},"152":{"start":{"line":279,"column":28},"end":{"line":279,"column":57}},"153":{"start":{"line":280,"column":24},"end":{"line":280,"column":53}},"154":{"start":{"line":281,"column":8},"end":{"line":281,"column":41}},"155":{"start":{"line":282,"column":8},"end":{"line":282,"column":46}},"156":{"start":{"line":283,"column":8},"end":{"line":283,"column":41}},"157":{"start":{"line":287,"column":25},"end":{"line":287,"column":27}},"158":{"start":{"line":288,"column":24},"end":{"line":288,"column":101}},"159":{"start":{"line":289,"column":24},"end":{"line":289,"column":99}},"160":{"start":{"line":290,"column":8},"end":{"line":290,"column":44}},"161":{"start":{"line":291,"column":8},"end":{"line":291,"column":43}},"162":{"start":{"line":295,"column":8},"end":{"line":330,"column":10}},"163":{"start":{"line":297,"column":16},"end":{"line":328,"column":17}},"164":{"start":{"line":298,"column":20},"end":{"line":327,"column":23}},"165":{"start":{"line":299,"column":24},"end":{"line":299,"column":55}},"166":{"start":{"line":300,"column":24},"end":{"line":300,"column":55}},"167":{"start":{"line":301,"column":24},"end":{"line":301,"column":58}},"168":{"start":{"line":303,"column":24},"end":{"line":303,"column":55}},"169":{"start":{"line":304,"column":24},"end":{"line":304,"column":58}},"170":{"start":{"line":306,"column":36},"end":{"line":306,"column":48}},"171":{"start":{"line":307,"column":41},"end":{"line":307,"column":73}},"172":{"start":{"line":309,"column":45},"end":{"line":309,"column":68}},"173":{"start":{"line":310,"column":24},"end":{"line":310,"column":70}},"174":{"start":{"line":311,"column":48},"end":{"line":311,"column":99}},"175":{"start":{"line":312,"column":24},"end":{"line":314,"column":25}},"176":{"start":{"line":313,"column":28},"end":{"line":313,"column":70}},"177":{"start":{"line":316,"column":44},"end":{"line":316,"column":61}},"178":{"start":{"line":317,"column":48},"end":{"line":317,"column":98}},"179":{"start":{"line":318,"column":24},"end":{"line":320,"column":25}},"180":{"start":{"line":319,"column":28},"end":{"line":319,"column":69}},"181":{"start":{"line":322,"column":40},"end":{"line":322,"column":69}},"182":{"start":{"line":323,"column":24},"end":{"line":323,"column":65}},"183":{"start":{"line":324,"column":24},"end":{"line":324,"column":70}},"184":{"start":{"line":325,"column":24},"end":{"line":325,"column":57}},"185":{"start":{"line":334,"column":21},"end":{"line":334,"column":67}},"186":{"start":{"line":335,"column":8},"end":{"line":335,"column":41}},"187":{"start":{"line":336,"column":8},"end":{"line":336,"column":37}},"188":{"start":{"line":337,"column":8},"end":{"line":361,"column":11}},"189":{"start":{"line":338,"column":12},"end":{"line":338,"column":47}},"190":{"start":{"line":339,"column":12},"end":{"line":342,"column":15}},"191":{"start":{"line":340,"column":16},"end":{"line":340,"column":48}},"192":{"start":{"line":341,"column":16},"end":{"line":341,"column":37}},"193":{"start":{"line":343,"column":12},"end":{"line":346,"column":15}},"194":{"start":{"line":344,"column":16},"end":{"line":344,"column":48}},"195":{"start":{"line":345,"column":16},"end":{"line":345,"column":42}},"196":{"start":{"line":347,"column":12},"end":{"line":350,"column":15}},"197":{"start":{"line":348,"column":16},"end":{"line":348,"column":45}},"198":{"start":{"line":349,"column":16},"end":{"line":349,"column":33}},"199":{"start":{"line":351,"column":12},"end":{"line":356,"column":15}},"200":{"start":{"line":352,"column":16},"end":{"line":354,"column":19}},"201":{"start":{"line":353,"column":20},"end":{"line":353,"column":143}},"202":{"start":{"line":355,"column":16},"end":{"line":355,"column":29}},"203":{"start":{"line":357,"column":12},"end":{"line":360,"column":15}},"204":{"start":{"line":358,"column":16},"end":{"line":358,"column":31}},"205":{"start":{"line":359,"column":16},"end":{"line":359,"column":99}},"206":{"start":{"line":365,"column":8},"end":{"line":367,"column":9}},"207":{"start":{"line":366,"column":12},"end":{"line":366,"column":37}},"208":{"start":{"line":370,"column":4},"end":{"line":384,"column":6}},"209":{"start":{"line":388,"column":0},"end":{"line":388,"column":22}},"210":{"start":{"line":390,"column":0},"end":{"line":407,"column":3}},"211":{"start":{"line":394,"column":28},"end":{"line":394,"column":63}},"212":{"start":{"line":395,"column":19},"end":{"line":395,"column":53}},"213":{"start":{"line":397,"column":4},"end":{"line":401,"column":5}},"214":{"start":{"line":398,"column":8},"end":{"line":398,"column":47}},"215":{"start":{"line":400,"column":8},"end":{"line":400,"column":98}},"216":{"start":{"line":403,"column":4},"end":{"line":405,"column":7}},"217":{"start":{"line":404,"column":8},"end":{"line":404,"column":25}}},"fnMap":{"0":{"name":"(anonymous_0)","decl":{"start":{"line":1,"column":16},"end":{"line":1,"column":17}},"loc":{"start":{"line":1,"column":27},"end":{"line":386,"column":1}},"line":1},"1":{"name":"(anonymous_1)","decl":{"start":{"line":21,"column":48},"end":{"line":21,"column":49}},"loc":{"start":{"line":21,"column":54},"end":{"line":21,"column":79}},"line":21},"2":{"name":"(anonymous_2)","decl":{"start":{"line":25,"column":18},"end":{"line":25,"column":19}},"loc":{"start":{"line":25,"column":28},"end":{"line":27,"column":5}},"line":25},"3":{"name":"(anonymous_3)","decl":{"start":{"line":29,"column":21},"end":{"line":29,"column":22}},"loc":{"start":{"line":29,"column":31},"end":{"line":31,"column":5}},"line":29},"4":{"name":"setPlayerRow","decl":{"start":{"line":33,"column":13},"end":{"line":33,"column":25}},"loc":{"start":{"line":33,"column":34},"end":{"line":35,"column":5}},"line":33},"5":{"name":"setPlayerColumn","decl":{"start":{"line":37,"column":13},"end":{"line":37,"column":28}},"loc":{"start":{"line":37,"column":40},"end":{"line":39,"column":5}},"line":37},"6":{"name":"setPlayerColor","decl":{"start":{"line":41,"column":13},"end":{"line":41,"column":27}},"loc":{"start":{"line":41,"column":38},"end":{"line":43,"column":5}},"line":41},"7":{"name":"setGrid","decl":{"start":{"line":45,"column":13},"end":{"line":45,"column":20}},"loc":{"start":{"line":45,"column":30},"end":{"line":47,"column":5}},"line":45},"8":{"name":"(anonymous_8)","decl":{"start":{"line":56,"column":26},"end":{"line":56,"column":27}},"loc":{"start":{"line":56,"column":37},"end":{"line":79,"column":5}},"line":56},"9":{"name":"(anonymous_9)","decl":{"start":{"line":57,"column":56},"end":{"line":57,"column":57}},"loc":{"start":{"line":57,"column":73},"end":{"line":78,"column":9}},"line":57},"10":{"name":"(anonymous_10)","decl":{"start":{"line":70,"column":16},"end":{"line":70,"column":17}},"loc":{"start":{"line":70,"column":30},"end":{"line":72,"column":17}},"line":70},"11":{"name":"(anonymous_11)","decl":{"start":{"line":81,"column":25},"end":{"line":81,"column":26}},"loc":{"start":{"line":81,"column":45},"end":{"line":85,"column":5}},"line":81},"12":{"name":"(anonymous_12)","decl":{"start":{"line":87,"column":24},"end":{"line":87,"column":25}},"loc":{"start":{"line":87,"column":43},"end":{"line":105,"column":5}},"line":87},"13":{"name":"(anonymous_13)","decl":{"start":{"line":88,"column":38},"end":{"line":88,"column":39}},"loc":{"start":{"line":88,"column":56},"end":{"line":104,"column":9}},"line":88},"14":{"name":"(anonymous_14)","decl":{"start":{"line":90,"column":16},"end":{"line":90,"column":17}},"loc":{"start":{"line":90,"column":29},"end":{"line":102,"column":17}},"line":90},"15":{"name":"(anonymous_15)","decl":{"start":{"line":96,"column":24},"end":{"line":96,"column":25}},"loc":{"start":{"line":96,"column":37},"end":{"line":101,"column":21}},"line":96},"16":{"name":"rgbToHex","decl":{"start":{"line":107,"column":13},"end":{"line":107,"column":21}},"loc":{"start":{"line":107,"column":31},"end":{"line":109,"column":5}},"line":107},"17":{"name":"(anonymous_17)","decl":{"start":{"line":108,"column":35},"end":{"line":108,"column":36}},"loc":{"start":{"line":108,"column":40},"end":{"line":108,"column":71}},"line":108},"18":{"name":"(anonymous_18)","decl":{"start":{"line":111,"column":20},"end":{"line":111,"column":21}},"loc":{"start":{"line":111,"column":31},"end":{"line":151,"column":5}},"line":111},"19":{"name":"(anonymous_19)","decl":{"start":{"line":153,"column":20},"end":{"line":153,"column":21}},"loc":{"start":{"line":153,"column":30},"end":{"line":157,"column":5}},"line":153},"20":{"name":"(anonymous_20)","decl":{"start":{"line":154,"column":36},"end":{"line":154,"column":37}},"loc":{"start":{"line":154,"column":54},"end":{"line":156,"column":9}},"line":154},"21":{"name":"(anonymous_21)","decl":{"start":{"line":159,"column":19},"end":{"line":159,"column":20}},"loc":{"start":{"line":159,"column":29},"end":{"line":175,"column":5}},"line":159},"22":{"name":"(anonymous_22)","decl":{"start":{"line":177,"column":27},"end":{"line":177,"column":28}},"loc":{"start":{"line":177,"column":45},"end":{"line":190,"column":5}},"line":177},"23":{"name":"(anonymous_23)","decl":{"start":{"line":181,"column":40},"end":{"line":181,"column":41}},"loc":{"start":{"line":181,"column":68},"end":{"line":189,"column":9}},"line":181},"24":{"name":"(anonymous_24)","decl":{"start":{"line":192,"column":21},"end":{"line":192,"column":22}},"loc":{"start":{"line":192,"column":36},"end":{"line":195,"column":5}},"line":192},"25":{"name":"(anonymous_25)","decl":{"start":{"line":197,"column":41},"end":{"line":197,"column":42}},"loc":{"start":{"line":197,"column":57},"end":{"line":212,"column":5}},"line":197},"26":{"name":"(anonymous_26)","decl":{"start":{"line":216,"column":21},"end":{"line":216,"column":22}},"loc":{"start":{"line":216,"column":41},"end":{"line":221,"column":5}},"line":216},"27":{"name":"(anonymous_27)","decl":{"start":{"line":218,"column":35},"end":{"line":218,"column":36}},"loc":{"start":{"line":218,"column":41},"end":{"line":218,"column":63}},"line":218},"28":{"name":"(anonymous_28)","decl":{"start":{"line":218,"column":71},"end":{"line":218,"column":72}},"loc":{"start":{"line":218,"column":80},"end":{"line":220,"column":9}},"line":218},"29":{"name":"processMove","decl":{"start":{"line":224,"column":13},"end":{"line":224,"column":24}},"loc":{"start":{"line":224,"column":36},"end":{"line":265,"column":5}},"line":224},"30":{"name":"(anonymous_30)","decl":{"start":{"line":244,"column":18},"end":{"line":244,"column":19}},"loc":{"start":{"line":244,"column":24},"end":{"line":244,"column":59}},"line":244},"31":{"name":"(anonymous_31)","decl":{"start":{"line":245,"column":18},"end":{"line":245,"column":19}},"loc":{"start":{"line":245,"column":30},"end":{"line":261,"column":13}},"line":245},"32":{"name":"(anonymous_32)","decl":{"start":{"line":262,"column":19},"end":{"line":262,"column":20}},"loc":{"start":{"line":262,"column":30},"end":{"line":264,"column":13}},"line":262},"33":{"name":"(anonymous_33)","decl":{"start":{"line":267,"column":25},"end":{"line":267,"column":26}},"loc":{"start":{"line":267,"column":60},"end":{"line":284,"column":5}},"line":267},"34":{"name":"centerViewOnPlayer","decl":{"start":{"line":286,"column":13},"end":{"line":286,"column":31}},"loc":{"start":{"line":286,"column":34},"end":{"line":292,"column":5}},"line":286},"35":{"name":"subscribeToPlayers","decl":{"start":{"line":294,"column":13},"end":{"line":294,"column":31}},"loc":{"start":{"line":294,"column":33},"end":{"line":331,"column":5}},"line":294},"36":{"name":"(anonymous_36)","decl":{"start":{"line":296,"column":12},"end":{"line":296,"column":13}},"loc":{"start":{"line":296,"column":25},"end":{"line":329,"column":13}},"line":296},"37":{"name":"(anonymous_37)","decl":{"start":{"line":298,"column":92},"end":{"line":298,"column":93}},"loc":{"start":{"line":298,"column":106},"end":{"line":327,"column":21}},"line":298},"38":{"name":"connectAndSubscribe","decl":{"start":{"line":333,"column":13},"end":{"line":333,"column":32}},"loc":{"start":{"line":333,"column":35},"end":{"line":362,"column":5}},"line":333},"39":{"name":"(anonymous_39)","decl":{"start":{"line":337,"column":32},"end":{"line":337,"column":33}},"loc":{"start":{"line":337,"column":49},"end":{"line":361,"column":9}},"line":337},"40":{"name":"(anonymous_40)","decl":{"start":{"line":339,"column":74},"end":{"line":339,"column":75}},"loc":{"start":{"line":339,"column":88},"end":{"line":342,"column":13}},"line":339},"41":{"name":"(anonymous_41)","decl":{"start":{"line":343,"column":72},"end":{"line":343,"column":73}},"loc":{"start":{"line":343,"column":86},"end":{"line":346,"column":13}},"line":343},"42":{"name":"(anonymous_42)","decl":{"start":{"line":347,"column":71},"end":{"line":347,"column":72}},"loc":{"start":{"line":347,"column":85},"end":{"line":350,"column":13}},"line":347},"43":{"name":"(anonymous_43)","decl":{"start":{"line":351,"column":75},"end":{"line":351,"column":76}},"loc":{"start":{"line":351,"column":89},"end":{"line":356,"column":13}},"line":351},"44":{"name":"(anonymous_44)","decl":{"start":{"line":352,"column":43},"end":{"line":352,"column":44}},"loc":{"start":{"line":352,"column":49},"end":{"line":354,"column":17}},"line":352},"45":{"name":"(anonymous_45)","decl":{"start":{"line":357,"column":42},"end":{"line":357,"column":43}},"loc":{"start":{"line":357,"column":57},"end":{"line":360,"column":13}},"line":357},"46":{"name":"disconnect","decl":{"start":{"line":364,"column":13},"end":{"line":364,"column":23}},"loc":{"start":{"line":364,"column":26},"end":{"line":368,"column":5}},"line":364},"47":{"name":"(anonymous_47)","decl":{"start":{"line":390,"column":46},"end":{"line":390,"column":47}},"loc":{"start":{"line":390,"column":57},"end":{"line":407,"column":1}},"line":390},"48":{"name":"(anonymous_48)","decl":{"start":{"line":403,"column":32},"end":{"line":403,"column":33}},"loc":{"start":{"line":403,"column":38},"end":{"line":405,"column":5}},"line":403}},"branchMap":{"0":{"loc":{"start":{"line":114,"column":8},"end":{"line":117,"column":9}},"type":"if","locations":[{"start":{"line":114,"column":8},"end":{"line":117,"column":9}},{"start":{},"end":{}}],"line":114},"1":{"loc":{"start":{"line":147,"column":8},"end":{"line":150,"column":9}},"type":"if","locations":[{"start":{"line":147,"column":8},"end":{"line":150,"column":9}},{"start":{},"end":{}}],"line":147},"2":{"loc":{"start":{"line":168,"column":8},"end":{"line":172,"column":9}},"type":"if","locations":[{"start":{"line":168,"column":8},"end":{"line":172,"column":9}},{"start":{},"end":{}}],"line":168},"3":{"loc":{"start":{"line":198,"column":8},"end":{"line":211,"column":9}},"type":"switch","locations":[{"start":{"line":199,"column":12},"end":{"line":201,"column":22}},{"start":{"line":202,"column":12},"end":{"line":204,"column":22}},{"start":{"line":205,"column":12},"end":{"line":207,"column":22}},{"start":{"line":208,"column":12},"end":{"line":210,"column":22}}],"line":198},"4":{"loc":{"start":{"line":233,"column":8},"end":{"line":241,"column":9}},"type":"if","locations":[{"start":{"line":233,"column":8},"end":{"line":241,"column":9}},{"start":{"line":235,"column":15},"end":{"line":241,"column":9}}],"line":233},"5":{"loc":{"start":{"line":233,"column":12},"end":{"line":233,"column":47}},"type":"binary-expr","locations":[{"start":{"line":233,"column":12},"end":{"line":233,"column":30}},{"start":{"line":233,"column":34},"end":{"line":233,"column":47}}],"line":233},"6":{"loc":{"start":{"line":235,"column":15},"end":{"line":241,"column":9}},"type":"if","locations":[{"start":{"line":235,"column":15},"end":{"line":241,"column":9}},{"start":{"line":237,"column":15},"end":{"line":241,"column":9}}],"line":235},"7":{"loc":{"start":{"line":235,"column":19},"end":{"line":235,"column":63}},"type":"binary-expr","locations":[{"start":{"line":235,"column":19},"end":{"line":235,"column":39}},{"start":{"line":235,"column":43},"end":{"line":235,"column":63}}],"line":235},"8":{"loc":{"start":{"line":237,"column":15},"end":{"line":241,"column":9}},"type":"if","locations":[{"start":{"line":237,"column":15},"end":{"line":241,"column":9}},{"start":{"line":239,"column":15},"end":{"line":241,"column":9}}],"line":237},"9":{"loc":{"start":{"line":237,"column":19},"end":{"line":237,"column":59}},"type":"binary-expr","locations":[{"start":{"line":237,"column":19},"end":{"line":237,"column":39}},{"start":{"line":237,"column":43},"end":{"line":237,"column":59}}],"line":237},"10":{"loc":{"start":{"line":239,"column":15},"end":{"line":241,"column":9}},"type":"if","locations":[{"start":{"line":239,"column":15},"end":{"line":241,"column":9}},{"start":{},"end":{}}],"line":239},"11":{"loc":{"start":{"line":239,"column":19},"end":{"line":239,"column":70}},"type":"binary-expr","locations":[{"start":{"line":239,"column":19},"end":{"line":239,"column":40}},{"start":{"line":239,"column":44},"end":{"line":239,"column":70}}],"line":239},"12":{"loc":{"start":{"line":270,"column":8},"end":{"line":272,"column":9}},"type":"if","locations":[{"start":{"line":270,"column":8},"end":{"line":272,"column":9}},{"start":{},"end":{}}],"line":270},"13":{"loc":{"start":{"line":297,"column":16},"end":{"line":328,"column":17}},"type":"if","locations":[{"start":{"line":297,"column":16},"end":{"line":328,"column":17}},{"start":{},"end":{}}],"line":297},"14":{"loc":{"start":{"line":312,"column":24},"end":{"line":314,"column":25}},"type":"if","locations":[{"start":{"line":312,"column":24},"end":{"line":314,"column":25}},{"start":{},"end":{}}],"line":312},"15":{"loc":{"start":{"line":318,"column":24},"end":{"line":320,"column":25}},"type":"if","locations":[{"start":{"line":318,"column":24},"end":{"line":320,"column":25}},{"start":{},"end":{}}],"line":318},"16":{"loc":{"start":{"line":365,"column":8},"end":{"line":367,"column":9}},"type":"if","locations":[{"start":{"line":365,"column":8},"end":{"line":367,"column":9}},{"start":{},"end":{}}],"line":365},"17":{"loc":{"start":{"line":397,"column":4},"end":{"line":401,"column":5}},"type":"if","locations":[{"start":{"line":397,"column":4},"end":{"line":401,"column":5}},{"start":{"line":399,"column":11},"end":{"line":401,"column":5}}],"line":397},"18":{"loc":{"start":{"line":397,"column":8},"end":{"line":397,"column":35}},"type":"binary-expr","locations":[{"start":{"line":397,"column":8},"end":{"line":397,"column":16}},{"start":{"line":397,"column":20},"end":{"line":397,"column":35}}],"line":397}},"s":{"0":1,"1":1,"2":1,"3":1,"4":1,"5":1,"6":1,"7":1,"8":1,"9":1,"10":1,"11":1,"12":1,"13":1,"14":1,"15":1,"16":0,"17":1,"18":1,"19":1,"20":4,"21":1,"22":4,"23":2,"24":2,"25":2,"26":2,"27":1,"28":1,"29":0,"30":0,"31":0,"32":0,"33":0,"34":0,"35":0,"36":0,"37":0,"38":0,"39":0,"40":0,"41":0,"42":0,"43":1,"44":10,"45":10,"46":1,"47":0,"48":0,"49":0,"50":0,"51":0,"52":0,"53":0,"54":0,"55":0,"56":0,"57":10,"58":30,"59":1,"60":0,"61":0,"62":0,"63":0,"64":0,"65":0,"66":0,"67":0,"68":0,"69":0,"70":0,"71":0,"72":0,"73":0,"74":0,"75":0,"76":0,"77":0,"78":0,"79":0,"80":0,"81":0,"82":0,"83":0,"84":1,"85":0,"86":0,"87":1,"88":0,"89":0,"90":0,"91":0,"92":0,"93":0,"94":0,"95":0,"96":0,"97":0,"98":0,"99":1,"100":0,"101":0,"102":0,"103":0,"104":0,"105":0,"106":1,"107":0,"108":0,"109":1,"110":0,"111":0,"112":0,"113":0,"114":0,"115":0,"116":0,"117":0,"118":0,"119":1,"120":1,"121":0,"122":0,"123":0,"124":0,"125":0,"126":0,"127":0,"128":0,"129":0,"130":0,"131":0,"132":0,"133":0,"134":0,"135":0,"136":0,"137":0,"138":0,"139":0,"140":0,"141":0,"142":0,"143":0,"144":1,"145":2,"146":2,"147":2,"148":1,"149":2,"150":2,"151":2,"152":2,"153":2,"154":2,"155":2,"156":2,"157":0,"158":0,"159":0,"160":0,"161":0,"162":0,"163":0,"164":0,"165":0,"166":0,"167":0,"168":0,"169":0,"170":0,"171":0,"172":0,"173":0,"174":0,"175":0,"176":0,"177":0,"178":0,"179":0,"180":0,"181":0,"182":0,"183":0,"184":0,"185":0,"186":0,"187":0,"188":0,"189":0,"190":0,"191":0,"192":0,"193":0,"194":0,"195":0,"196":0,"197":0,"198":0,"199":0,"200":0,"201":0,"202":0,"203":0,"204":0,"205":0,"206":0,"207":0,"208":1,"209":1,"210":1,"211":0,"212":0,"213":0,"214":0,"215":0,"216":0,"217":0},"f":{"0":1,"1":0,"2":4,"3":4,"4":2,"5":2,"6":2,"7":2,"8":0,"9":0,"10":0,"11":10,"12":0,"13":0,"14":0,"15":0,"16":10,"17":30,"18":0,"19":0,"20":0,"21":0,"22":0,"23":0,"24":0,"25":0,"26":0,"27":0,"28":0,"29":0,"30":0,"31":0,"32":0,"33":2,"34":0,"35":0,"36":0,"37":0,"38":0,"39":0,"40":0,"41":0,"42":0,"43":0,"44":0,"45":0,"46":0,"47":0,"48":0},"b":{"0":[0,0],"1":[0,0],"2":[0,0],"3":[0,0,0,0],"4":[0,0],"5":[0,0],"6":[0,0],"7":[0,0],"8":[0,0],"9":[0,0],"10":[0,0],"11":[0,0],"12":[1,1],"13":[0,0],"14":[0,0],"15":[0,0],"16":[0,0],"17":[0,0],"18":[0,0]},"_coverageSchema":"1a1c01bbd47fc00a2c39e90264f33305004495a9","hash":"4b5a3e3d508df03d71638c25848a23ece8b98bb7"}
,"C:\\Users\\Mauricio Monroy\\GridMaster_Frontend\\src\\main\\resources\\static\\js\\home.js": {"path":"C:\\Users\\Mauricio Monroy\\GridMaster_Frontend\\src\\main\\resources\\static\\js\\home.js","statementMap":{"0":{"start":{"line":1,"column":11},"end":{"line":169,"column":4}},"1":{"start":{"line":3,"column":25},"end":{"line":6,"column":5}},"2":{"start":{"line":4,"column":8},"end":{"line":4,"column":57}},"3":{"start":{"line":5,"column":8},"end":{"line":5,"column":53}},"4":{"start":{"line":8,"column":21},"end":{"line":41,"column":5}},"5":{"start":{"line":10,"column":32},"end":{"line":10,"column":72}},"6":{"start":{"line":12,"column":8},"end":{"line":12,"column":41}},"7":{"start":{"line":13,"column":8},"end":{"line":13,"column":47}},"8":{"start":{"line":15,"column":8},"end":{"line":19,"column":9}},"9":{"start":{"line":16,"column":12},"end":{"line":16,"column":89}},"10":{"start":{"line":17,"column":12},"end":{"line":17,"column":52}},"11":{"start":{"line":18,"column":12},"end":{"line":18,"column":19}},"12":{"start":{"line":21,"column":8},"end":{"line":21,"column":33}},"13":{"start":{"line":23,"column":30},"end":{"line":23,"column":70}},"14":{"start":{"line":25,"column":24},"end":{"line":25,"column":118}},"15":{"start":{"line":26,"column":23},"end":{"line":37,"column":10}},"16":{"start":{"line":39,"column":25},"end":{"line":39,"column":58}},"17":{"start":{"line":40,"column":8},"end":{"line":40,"column":40}},"18":{"start":{"line":43,"column":43},"end":{"line":84,"column":5}},"19":{"start":{"line":44,"column":37},"end":{"line":58,"column":9}},"20":{"start":{"line":45,"column":26},"end":{"line":45,"column":44}},"21":{"start":{"line":46,"column":12},"end":{"line":46,"column":49}},"22":{"start":{"line":47,"column":31},"end":{"line":47,"column":66}},"23":{"start":{"line":50,"column":12},"end":{"line":52,"column":13}},"24":{"start":{"line":51,"column":16},"end":{"line":51,"column":57}},"25":{"start":{"line":55,"column":12},"end":{"line":55,"column":80}},"26":{"start":{"line":57,"column":12},"end":{"line":57,"column":32}},"27":{"start":{"line":60,"column":38},"end":{"line":75,"column":9}},"28":{"start":{"line":61,"column":28},"end":{"line":61,"column":45}},"29":{"start":{"line":62,"column":25},"end":{"line":62,"column":53}},"30":{"start":{"line":63,"column":27},"end":{"line":63,"column":70}},"31":{"start":{"line":64,"column":31},"end":{"line":64,"column":83}},"32":{"start":{"line":67,"column":12},"end":{"line":69,"column":13}},"33":{"start":{"line":68,"column":16},"end":{"line":68,"column":57}},"34":{"start":{"line":72,"column":12},"end":{"line":72,"column":80}},"35":{"start":{"line":74,"column":12},"end":{"line":74,"column":32}},"36":{"start":{"line":77,"column":29},"end":{"line":77,"column":51}},"37":{"start":{"line":78,"column":30},"end":{"line":78,"column":71}},"38":{"start":{"line":81,"column":8},"end":{"line":81,"column":61}},"39":{"start":{"line":83,"column":8},"end":{"line":83,"column":29}},"40":{"start":{"line":86,"column":21},"end":{"line":92,"column":5}},"41":{"start":{"line":87,"column":28},"end":{"line":87,"column":66}},"42":{"start":{"line":88,"column":31},"end":{"line":88,"column":72}},"43":{"start":{"line":90,"column":8},"end":{"line":90,"column":51}},"44":{"start":{"line":91,"column":8},"end":{"line":91,"column":54}},"45":{"start":{"line":94,"column":19},"end":{"line":159,"column":5}},"46":{"start":{"line":95,"column":8},"end":{"line":95,"column":51}},"47":{"start":{"line":97,"column":32},"end":{"line":97,"column":72}},"48":{"start":{"line":99,"column":8},"end":{"line":99,"column":41}},"49":{"start":{"line":100,"column":8},"end":{"line":100,"column":47}},"50":{"start":{"line":102,"column":8},"end":{"line":106,"column":9}},"51":{"start":{"line":103,"column":12},"end":{"line":103,"column":89}},"52":{"start":{"line":104,"column":12},"end":{"line":104,"column":52}},"53":{"start":{"line":105,"column":12},"end":{"line":105,"column":19}},"54":{"start":{"line":108,"column":8},"end":{"line":112,"column":9}},"55":{"start":{"line":109,"column":12},"end":{"line":109,"column":74}},"56":{"start":{"line":110,"column":12},"end":{"line":110,"column":52}},"57":{"start":{"line":111,"column":12},"end":{"line":111,"column":19}},"58":{"start":{"line":114,"column":8},"end":{"line":118,"column":9}},"59":{"start":{"line":115,"column":12},"end":{"line":115,"column":83}},"60":{"start":{"line":116,"column":12},"end":{"line":116,"column":52}},"61":{"start":{"line":117,"column":12},"end":{"line":117,"column":19}},"62":{"start":{"line":120,"column":8},"end":{"line":158,"column":15}},"63":{"start":{"line":122,"column":16},"end":{"line":123,"column":38}},"64":{"start":{"line":123,"column":32},"end":{"line":123,"column":36}},"65":{"start":{"line":126,"column":16},"end":{"line":126,"column":51}},"66":{"start":{"line":127,"column":16},"end":{"line":127,"column":57}},"67":{"start":{"line":128,"column":16},"end":{"line":128,"column":28}},"68":{"start":{"line":131,"column":16},"end":{"line":131,"column":54}},"69":{"start":{"line":132,"column":28},"end":{"line":132,"column":42}},"70":{"start":{"line":133,"column":16},"end":{"line":133,"column":66}},"71":{"start":{"line":134,"column":16},"end":{"line":134,"column":69}},"72":{"start":{"line":135,"column":16},"end":{"line":139,"column":17}},"73":{"start":{"line":136,"column":20},"end":{"line":136,"column":55}},"74":{"start":{"line":138,"column":20},"end":{"line":138,"column":56}},"75":{"start":{"line":142,"column":16},"end":{"line":142,"column":54}},"76":{"start":{"line":144,"column":31},"end":{"line":144,"column":108}},"77":{"start":{"line":146,"column":16},"end":{"line":157,"column":17}},"78":{"start":{"line":147,"column":20},"end":{"line":147,"column":102}},"79":{"start":{"line":148,"column":20},"end":{"line":148,"column":60}},"80":{"start":{"line":149,"column":23},"end":{"line":157,"column":17}},"81":{"start":{"line":150,"column":20},"end":{"line":150,"column":83}},"82":{"start":{"line":151,"column":20},"end":{"line":151,"column":60}},"83":{"start":{"line":152,"column":23},"end":{"line":157,"column":17}},"84":{"start":{"line":153,"column":20},"end":{"line":153,"column":79}},"85":{"start":{"line":154,"column":20},"end":{"line":154,"column":60}},"86":{"start":{"line":156,"column":20},"end":{"line":156,"column":79}},"87":{"start":{"line":161,"column":4},"end":{"line":167,"column":6}},"88":{"start":{"line":171,"column":0},"end":{"line":171,"column":22}}},"fnMap":{"0":{"name":"(anonymous_0)","decl":{"start":{"line":1,"column":12},"end":{"line":1,"column":13}},"loc":{"start":{"line":1,"column":22},"end":{"line":169,"column":1}},"line":1},"1":{"name":"(anonymous_1)","decl":{"start":{"line":3,"column":25},"end":{"line":3,"column":26}},"loc":{"start":{"line":3,"column":56},"end":{"line":6,"column":5}},"line":3},"2":{"name":"(anonymous_2)","decl":{"start":{"line":8,"column":21},"end":{"line":8,"column":22}},"loc":{"start":{"line":8,"column":48},"end":{"line":41,"column":5}},"line":8},"3":{"name":"(anonymous_3)","decl":{"start":{"line":43,"column":43},"end":{"line":43,"column":44}},"loc":{"start":{"line":43,"column":60},"end":{"line":84,"column":5}},"line":43},"4":{"name":"(anonymous_4)","decl":{"start":{"line":44,"column":37},"end":{"line":44,"column":38}},"loc":{"start":{"line":44,"column":43},"end":{"line":58,"column":9}},"line":44},"5":{"name":"(anonymous_5)","decl":{"start":{"line":60,"column":38},"end":{"line":60,"column":39}},"loc":{"start":{"line":60,"column":62},"end":{"line":75,"column":9}},"line":60},"6":{"name":"(anonymous_6)","decl":{"start":{"line":86,"column":21},"end":{"line":86,"column":22}},"loc":{"start":{"line":86,"column":31},"end":{"line":92,"column":5}},"line":86},"7":{"name":"(anonymous_7)","decl":{"start":{"line":94,"column":19},"end":{"line":94,"column":20}},"loc":{"start":{"line":94,"column":49},"end":{"line":159,"column":5}},"line":94},"8":{"name":"(anonymous_8)","decl":{"start":{"line":121,"column":18},"end":{"line":121,"column":19}},"loc":{"start":{"line":121,"column":33},"end":{"line":124,"column":13}},"line":121},"9":{"name":"(anonymous_9)","decl":{"start":{"line":123,"column":26},"end":{"line":123,"column":27}},"loc":{"start":{"line":123,"column":32},"end":{"line":123,"column":36}},"line":123},"10":{"name":"(anonymous_10)","decl":{"start":{"line":125,"column":18},"end":{"line":125,"column":19}},"loc":{"start":{"line":125,"column":28},"end":{"line":129,"column":13}},"line":125},"11":{"name":"(anonymous_11)","decl":{"start":{"line":130,"column":18},"end":{"line":130,"column":19}},"loc":{"start":{"line":130,"column":28},"end":{"line":140,"column":13}},"line":130},"12":{"name":"(anonymous_12)","decl":{"start":{"line":141,"column":19},"end":{"line":141,"column":20}},"loc":{"start":{"line":141,"column":28},"end":{"line":158,"column":13}},"line":141}},"branchMap":{"0":{"loc":{"start":{"line":15,"column":8},"end":{"line":19,"column":9}},"type":"if","locations":[{"start":{"line":15,"column":8},"end":{"line":19,"column":9}},{"start":{},"end":{}}],"line":15},"1":{"loc":{"start":{"line":102,"column":8},"end":{"line":106,"column":9}},"type":"if","locations":[{"start":{"line":102,"column":8},"end":{"line":106,"column":9}},{"start":{},"end":{}}],"line":102},"2":{"loc":{"start":{"line":108,"column":8},"end":{"line":112,"column":9}},"type":"if","locations":[{"start":{"line":108,"column":8},"end":{"line":112,"column":9}},{"start":{},"end":{}}],"line":108},"3":{"loc":{"start":{"line":114,"column":8},"end":{"line":118,"column":9}},"type":"if","locations":[{"start":{"line":114,"column":8},"end":{"line":118,"column":9}},{"start":{},"end":{}}],"line":114},"4":{"loc":{"start":{"line":114,"column":12},"end":{"line":114,"column":60}},"type":"binary-expr","locations":[{"start":{"line":114,"column":12},"end":{"line":114,"column":33}},{"start":{"line":114,"column":37},"end":{"line":114,"column":60}}],"line":114},"5":{"loc":{"start":{"line":135,"column":16},"end":{"line":139,"column":17}},"type":"if","locations":[{"start":{"line":135,"column":16},"end":{"line":139,"column":17}},{"start":{"line":137,"column":22},"end":{"line":139,"column":17}}],"line":135},"6":{"loc":{"start":{"line":144,"column":31},"end":{"line":144,"column":108}},"type":"binary-expr","locations":[{"start":{"line":144,"column":31},"end":{"line":144,"column":43}},{"start":{"line":144,"column":47},"end":{"line":144,"column":63}},{"start":{"line":144,"column":68},"end":{"line":144,"column":82}},{"start":{"line":144,"column":86},"end":{"line":144,"column":107}}],"line":144},"7":{"loc":{"start":{"line":146,"column":16},"end":{"line":157,"column":17}},"type":"if","locations":[{"start":{"line":146,"column":16},"end":{"line":157,"column":17}},{"start":{"line":149,"column":23},"end":{"line":157,"column":17}}],"line":146},"8":{"loc":{"start":{"line":149,"column":23},"end":{"line":157,"column":17}},"type":"if","locations":[{"start":{"line":149,"column":23},"end":{"line":157,"column":17}},{"start":{"line":152,"column":23},"end":{"line":157,"column":17}}],"line":149},"9":{"loc":{"start":{"line":152,"column":23},"end":{"line":157,"column":17}},"type":"if","locations":[{"start":{"line":152,"column":23},"end":{"line":157,"column":17}},{"start":{"line":155,"column":23},"end":{"line":157,"column":17}}],"line":152}},"s":{"0":1,"1":1,"2":1,"3":1,"4":1,"5":0,"6":0,"7":0,"8":0,"9":0,"10":0,"11":0,"12":0,"13":0,"14":0,"15":0,"16":0,"17":0,"18":1,"19":0,"20":0,"21":0,"22":0,"23":0,"24":0,"25":0,"26":0,"27":0,"28":0,"29":0,"30":0,"31":0,"32":0,"33":0,"34":0,"35":0,"36":0,"37":0,"38":0,"39":0,"40":1,"41":1,"42":1,"43":1,"44":1,"45":1,"46":4,"47":4,"48":4,"49":4,"50":4,"51":1,"52":1,"53":1,"54":3,"55":1,"56":1,"57":1,"58":2,"59":2,"60":2,"61":2,"62":0,"63":0,"64":0,"65":0,"66":0,"67":0,"68":0,"69":0,"70":0,"71":0,"72":0,"73":0,"74":0,"75":0,"76":0,"77":0,"78":0,"79":0,"80":0,"81":0,"82":0,"83":0,"84":0,"85":0,"86":0,"87":1,"88":1},"f":{"0":1,"1":1,"2":0,"3":0,"4":0,"5":0,"6":1,"7":4,"8":0,"9":0,"10":0,"11":0,"12":0},"b":{"0":[0,0],"1":[1,3],"2":[1,2],"3":[2,0],"4":[2,1],"5":[0,0],"6":[0,0,0,0],"7":[0,0],"8":[0,0],"9":[0,0]},"_coverageSchema":"1a1c01bbd47fc00a2c39e90264f33305004495a9","hash":"3ae18d2c937c2f79cc48e5cf4d550ad37d692cbf"}
,"C:\\Users\\Mauricio Monroy\\GridMaster_Frontend\\src\\main\\resources\\static\\js\\lobby.js": {"path":"C:\\Users\\Mauricio Monroy\\GridMaster_Frontend\\src\\main\\resources\\static\\js\\lobby.js","statementMap":{"0":{"start":{"line":1,"column":12},"end":{"line":356,"column":8}},"1":{"start":{"line":2,"column":21},"end":{"line":2,"column":57}},"2":{"start":{"line":3,"column":21},"end":{"line":3,"column":23}},"3":{"start":{"line":4,"column":19},"end":{"line":4,"column":53}},"4":{"start":{"line":5,"column":18},"end":{"line":5,"column":21}},"5":{"start":{"line":6,"column":15},"end":{"line":6,"column":18}},"6":{"start":{"line":7,"column":18},"end":{"line":7,"column":19}},"7":{"start":{"line":8,"column":18},"end":{"line":8,"column":19}},"8":{"start":{"line":9,"column":20},"end":{"line":9,"column":21}},"9":{"start":{"line":10,"column":25},"end":{"line":10,"column":29}},"10":{"start":{"line":11,"column":26},"end":{"line":11,"column":98}},"11":{"start":{"line":13,"column":22},"end":{"line":13,"column":26}},"12":{"start":{"line":16,"column":24},"end":{"line":21,"column":5}},"13":{"start":{"line":17,"column":8},"end":{"line":20,"column":10}},"14":{"start":{"line":23,"column":23},"end":{"line":25,"column":5}},"15":{"start":{"line":24,"column":8},"end":{"line":24,"column":25}},"16":{"start":{"line":27,"column":21},"end":{"line":29,"column":5}},"17":{"start":{"line":28,"column":8},"end":{"line":28,"column":23}},"18":{"start":{"line":31,"column":21},"end":{"line":33,"column":5}},"19":{"start":{"line":32,"column":8},"end":{"line":32,"column":23}},"20":{"start":{"line":35,"column":22},"end":{"line":40,"column":5}},"21":{"start":{"line":36,"column":29},"end":{"line":36,"column":71}},"22":{"start":{"line":37,"column":8},"end":{"line":39,"column":9}},"23":{"start":{"line":38,"column":12},"end":{"line":38,"column":55}},"24":{"start":{"line":42,"column":24},"end":{"line":63,"column":5}},"25":{"start":{"line":43,"column":8},"end":{"line":43,"column":54}},"26":{"start":{"line":44,"column":8},"end":{"line":53,"column":15}},"27":{"start":{"line":46,"column":16},"end":{"line":46,"column":47}},"28":{"start":{"line":49,"column":16},"end":{"line":51,"column":17}},"29":{"start":{"line":50,"column":20},"end":{"line":50,"column":44}},"30":{"start":{"line":52,"column":16},"end":{"line":52,"column":38}},"31":{"start":{"line":65,"column":25},"end":{"line":68,"column":5}},"32":{"start":{"line":66,"column":8},"end":{"line":66,"column":45}},"33":{"start":{"line":67,"column":8},"end":{"line":67,"column":51}},"34":{"start":{"line":71,"column":30},"end":{"line":78,"column":5}},"35":{"start":{"line":72,"column":8},"end":{"line":77,"column":9}},"36":{"start":{"line":73,"column":12},"end":{"line":73,"column":106}},"37":{"start":{"line":74,"column":12},"end":{"line":74,"column":80}},"38":{"start":{"line":76,"column":12},"end":{"line":76,"column":96}},"39":{"start":{"line":80,"column":24},"end":{"line":99,"column":5}},"40":{"start":{"line":81,"column":32},"end":{"line":81,"column":72}},"41":{"start":{"line":82,"column":8},"end":{"line":82,"column":41}},"42":{"start":{"line":83,"column":8},"end":{"line":83,"column":47}},"43":{"start":{"line":86,"column":8},"end":{"line":92,"column":9}},"44":{"start":{"line":88,"column":12},"end":{"line":88,"column":96}},"45":{"start":{"line":89,"column":12},"end":{"line":89,"column":52}},"46":{"start":{"line":90,"column":12},"end":{"line":90,"column":35}},"47":{"start":{"line":91,"column":12},"end":{"line":91,"column":19}},"48":{"start":{"line":94,"column":8},"end":{"line":94,"column":23}},"49":{"start":{"line":95,"column":8},"end":{"line":95,"column":19}},"50":{"start":{"line":96,"column":8},"end":{"line":96,"column":30}},"51":{"start":{"line":98,"column":8},"end":{"line":98,"column":77}},"52":{"start":{"line":101,"column":18},"end":{"line":120,"column":5}},"53":{"start":{"line":102,"column":32},"end":{"line":102,"column":72}},"54":{"start":{"line":103,"column":8},"end":{"line":103,"column":41}},"55":{"start":{"line":104,"column":8},"end":{"line":104,"column":47}},"56":{"start":{"line":107,"column":8},"end":{"line":113,"column":9}},"57":{"start":{"line":109,"column":12},"end":{"line":109,"column":79}},"58":{"start":{"line":110,"column":12},"end":{"line":110,"column":52}},"59":{"start":{"line":111,"column":12},"end":{"line":111,"column":35}},"60":{"start":{"line":112,"column":12},"end":{"line":112,"column":19}},"61":{"start":{"line":115,"column":8},"end":{"line":115,"column":22}},"62":{"start":{"line":116,"column":8},"end":{"line":116,"column":22}},"63":{"start":{"line":117,"column":8},"end":{"line":117,"column":30}},"64":{"start":{"line":119,"column":8},"end":{"line":119,"column":68}},"65":{"start":{"line":122,"column":23},"end":{"line":140,"column":5}},"66":{"start":{"line":123,"column":32},"end":{"line":123,"column":72}},"67":{"start":{"line":124,"column":8},"end":{"line":124,"column":41}},"68":{"start":{"line":125,"column":8},"end":{"line":125,"column":47}},"69":{"start":{"line":128,"column":8},"end":{"line":134,"column":9}},"70":{"start":{"line":130,"column":12},"end":{"line":130,"column":99}},"71":{"start":{"line":131,"column":12},"end":{"line":131,"column":52}},"72":{"start":{"line":132,"column":12},"end":{"line":132,"column":35}},"73":{"start":{"line":133,"column":12},"end":{"line":133,"column":19}},"74":{"start":{"line":136,"column":8},"end":{"line":136,"column":25}},"75":{"start":{"line":137,"column":8},"end":{"line":137,"column":30}},"76":{"start":{"line":139,"column":8},"end":{"line":139,"column":55}},"77":{"start":{"line":142,"column":20},"end":{"line":174,"column":5}},"78":{"start":{"line":144,"column":8},"end":{"line":147,"column":9}},"79":{"start":{"line":145,"column":12},"end":{"line":145,"column":81}},"80":{"start":{"line":146,"column":12},"end":{"line":146,"column":19}},"81":{"start":{"line":149,"column":8},"end":{"line":173,"column":15}},"82":{"start":{"line":151,"column":16},"end":{"line":151,"column":40}},"83":{"start":{"line":154,"column":32},"end":{"line":158,"column":17}},"84":{"start":{"line":160,"column":16},"end":{"line":160,"column":104}},"85":{"start":{"line":163,"column":16},"end":{"line":163,"column":44}},"86":{"start":{"line":166,"column":16},"end":{"line":166,"column":51}},"87":{"start":{"line":169,"column":16},"end":{"line":169,"column":29}},"88":{"start":{"line":172,"column":16},"end":{"line":172,"column":74}},"89":{"start":{"line":176,"column":19},"end":{"line":194,"column":5}},"90":{"start":{"line":178,"column":8},"end":{"line":181,"column":9}},"91":{"start":{"line":179,"column":12},"end":{"line":179,"column":81}},"92":{"start":{"line":180,"column":12},"end":{"line":180,"column":19}},"93":{"start":{"line":183,"column":8},"end":{"line":192,"column":15}},"94":{"start":{"line":185,"column":16},"end":{"line":185,"column":52}},"95":{"start":{"line":188,"column":16},"end":{"line":188,"column":29}},"96":{"start":{"line":191,"column":16},"end":{"line":191,"column":69}},"97":{"start":{"line":196,"column":25},"end":{"line":237,"column":5}},"98":{"start":{"line":197,"column":8},"end":{"line":197,"column":61}},"99":{"start":{"line":199,"column":8},"end":{"line":213,"column":9}},"100":{"start":{"line":200,"column":12},"end":{"line":205,"column":13}},"101":{"start":{"line":201,"column":26},"end":{"line":201,"column":50}},"102":{"start":{"line":202,"column":33},"end":{"line":202,"column":64}},"103":{"start":{"line":203,"column":16},"end":{"line":203,"column":37}},"104":{"start":{"line":204,"column":16},"end":{"line":204,"column":43}},"105":{"start":{"line":207,"column":12},"end":{"line":212,"column":13}},"106":{"start":{"line":208,"column":28},"end":{"line":208,"column":53}},"107":{"start":{"line":209,"column":36},"end":{"line":209,"column":70}},"108":{"start":{"line":210,"column":16},"end":{"line":210,"column":42}},"109":{"start":{"line":211,"column":16},"end":{"line":211,"column":48}},"110":{"start":{"line":215,"column":8},"end":{"line":226,"column":9}},"111":{"start":{"line":216,"column":22},"end":{"line":216,"column":38}},"112":{"start":{"line":217,"column":22},"end":{"line":217,"column":38}},"113":{"start":{"line":219,"column":32},"end":{"line":219,"column":66}},"114":{"start":{"line":220,"column":32},"end":{"line":220,"column":66}},"115":{"start":{"line":222,"column":12},"end":{"line":222,"column":36}},"116":{"start":{"line":223,"column":12},"end":{"line":223,"column":36}},"117":{"start":{"line":225,"column":12},"end":{"line":225,"column":82}},"118":{"start":{"line":229,"column":8},"end":{"line":236,"column":9}},"119":{"start":{"line":230,"column":23},"end":{"line":230,"column":42}},"120":{"start":{"line":232,"column":35},"end":{"line":232,"column":72}},"121":{"start":{"line":233,"column":12},"end":{"line":233,"column":40}},"122":{"start":{"line":235,"column":12},"end":{"line":235,"column":86}},"123":{"start":{"line":239,"column":29},"end":{"line":253,"column":5}},"124":{"start":{"line":240,"column":8},"end":{"line":240,"column":48}},"125":{"start":{"line":241,"column":31},"end":{"line":241,"column":76}},"126":{"start":{"line":242,"column":8},"end":{"line":242,"column":38}},"127":{"start":{"line":244,"column":8},"end":{"line":252,"column":11}},"128":{"start":{"line":245,"column":12},"end":{"line":251,"column":13}},"129":{"start":{"line":246,"column":28},"end":{"line":246,"column":56}},"130":{"start":{"line":247,"column":16},"end":{"line":249,"column":18}},"131":{"start":{"line":250,"column":16},"end":{"line":250,"column":48}},"132":{"start":{"line":257,"column":21},"end":{"line":257,"column":67}},"133":{"start":{"line":258,"column":8},"end":{"line":258,"column":41}},"134":{"start":{"line":259,"column":8},"end":{"line":259,"column":37}},"135":{"start":{"line":260,"column":8},"end":{"line":260,"column":33}},"136":{"start":{"line":261,"column":8},"end":{"line":286,"column":11}},"137":{"start":{"line":262,"column":12},"end":{"line":262,"column":47}},"138":{"start":{"line":263,"column":12},"end":{"line":266,"column":15}},"139":{"start":{"line":264,"column":16},"end":{"line":264,"column":49}},"140":{"start":{"line":265,"column":16},"end":{"line":265,"column":41}},"141":{"start":{"line":268,"column":12},"end":{"line":272,"column":15}},"142":{"start":{"line":269,"column":16},"end":{"line":269,"column":47}},"143":{"start":{"line":270,"column":16},"end":{"line":270,"column":64}},"144":{"start":{"line":271,"column":16},"end":{"line":271,"column":43}},"145":{"start":{"line":274,"column":12},"end":{"line":279,"column":15}},"146":{"start":{"line":275,"column":38},"end":{"line":275,"column":59}},"147":{"start":{"line":276,"column":16},"end":{"line":276,"column":86}},"148":{"start":{"line":277,"column":16},"end":{"line":277,"column":44}},"149":{"start":{"line":278,"column":16},"end":{"line":278,"column":51}},"150":{"start":{"line":281,"column":12},"end":{"line":284,"column":15}},"151":{"start":{"line":282,"column":16},"end":{"line":282,"column":46}},"152":{"start":{"line":283,"column":16},"end":{"line":283,"column":104}},"153":{"start":{"line":291,"column":23},"end":{"line":291,"column":57}},"154":{"start":{"line":293,"column":8},"end":{"line":293,"column":55}},"155":{"start":{"line":293,"column":32},"end":{"line":293,"column":53}},"156":{"start":{"line":296,"column":28},"end":{"line":296,"column":60}},"157":{"start":{"line":297,"column":8},"end":{"line":299,"column":9}},"158":{"start":{"line":298,"column":12},"end":{"line":298,"column":40}},"159":{"start":{"line":303,"column":8},"end":{"line":305,"column":9}},"160":{"start":{"line":304,"column":12},"end":{"line":304,"column":37}},"161":{"start":{"line":306,"column":8},"end":{"line":306,"column":36}},"162":{"start":{"line":310,"column":4},"end":{"line":314,"column":7}},"163":{"start":{"line":311,"column":19},"end":{"line":311,"column":69}},"164":{"start":{"line":312,"column":18},"end":{"line":312,"column":65}},"165":{"start":{"line":313,"column":8},"end":{"line":313,"column":33}},"166":{"start":{"line":316,"column":4},"end":{"line":320,"column":7}},"167":{"start":{"line":317,"column":19},"end":{"line":317,"column":69}},"168":{"start":{"line":318,"column":18},"end":{"line":318,"column":65}},"169":{"start":{"line":319,"column":8},"end":{"line":319,"column":33}},"170":{"start":{"line":322,"column":4},"end":{"line":326,"column":7}},"171":{"start":{"line":323,"column":18},"end":{"line":323,"column":68}},"172":{"start":{"line":324,"column":18},"end":{"line":324,"column":68}},"173":{"start":{"line":325,"column":8},"end":{"line":325,"column":26}},"174":{"start":{"line":328,"column":4},"end":{"line":332,"column":7}},"175":{"start":{"line":329,"column":18},"end":{"line":329,"column":68}},"176":{"start":{"line":330,"column":18},"end":{"line":330,"column":68}},"177":{"start":{"line":331,"column":8},"end":{"line":331,"column":26}},"178":{"start":{"line":334,"column":4},"end":{"line":337,"column":7}},"179":{"start":{"line":335,"column":19},"end":{"line":335,"column":76}},"180":{"start":{"line":336,"column":8},"end":{"line":336,"column":27}},"181":{"start":{"line":339,"column":8},"end":{"line":354,"column":10}},"182":{"start":{"line":358,"column":0},"end":{"line":358,"column":23}},"183":{"start":{"line":360,"column":0},"end":{"line":400,"column":3}},"184":{"start":{"line":362,"column":4},"end":{"line":362,"column":51}},"185":{"start":{"line":363,"column":4},"end":{"line":363,"column":48}},"186":{"start":{"line":364,"column":4},"end":{"line":364,"column":49}},"187":{"start":{"line":365,"column":4},"end":{"line":365,"column":49}},"188":{"start":{"line":366,"column":4},"end":{"line":366,"column":52}},"189":{"start":{"line":368,"column":21},"end":{"line":368,"column":57}},"190":{"start":{"line":369,"column":15},"end":{"line":369,"column":45}},"191":{"start":{"line":370,"column":4},"end":{"line":370,"column":43}},"192":{"start":{"line":372,"column":4},"end":{"line":396,"column":5}},"193":{"start":{"line":373,"column":23},"end":{"line":373,"column":66}},"194":{"start":{"line":374,"column":25},"end":{"line":374,"column":43}},"195":{"start":{"line":375,"column":8},"end":{"line":375,"column":52}},"196":{"start":{"line":376,"column":8},"end":{"line":379,"column":9}},"197":{"start":{"line":377,"column":12},"end":{"line":377,"column":74}},"198":{"start":{"line":378,"column":12},"end":{"line":378,"column":49}},"199":{"start":{"line":380,"column":8},"end":{"line":392,"column":15}},"200":{"start":{"line":382,"column":31},"end":{"line":382,"column":35}},"201":{"start":{"line":383,"column":16},"end":{"line":383,"column":61}},"202":{"start":{"line":384,"column":16},"end":{"line":384,"column":59}},"203":{"start":{"line":387,"column":16},"end":{"line":387,"column":38}},"204":{"start":{"line":388,"column":16},"end":{"line":388,"column":36}},"205":{"start":{"line":391,"column":16},"end":{"line":391,"column":85}},"206":{"start":{"line":394,"column":8},"end":{"line":394,"column":30}},"207":{"start":{"line":395,"column":8},"end":{"line":395,"column":28}},"208":{"start":{"line":404,"column":26},"end":{"line":404,"column":66}},"209":{"start":{"line":406,"column":20},"end":{"line":406,"column":114}},"210":{"start":{"line":407,"column":19},"end":{"line":418,"column":6}},"211":{"start":{"line":420,"column":21},"end":{"line":420,"column":54}},"212":{"start":{"line":421,"column":4},"end":{"line":421,"column":36}},"213":{"start":{"line":424,"column":39},"end":{"line":465,"column":1}},"214":{"start":{"line":425,"column":33},"end":{"line":439,"column":5}},"215":{"start":{"line":426,"column":22},"end":{"line":426,"column":40}},"216":{"start":{"line":427,"column":8},"end":{"line":427,"column":45}},"217":{"start":{"line":428,"column":27},"end":{"line":428,"column":62}},"218":{"start":{"line":431,"column":8},"end":{"line":433,"column":9}},"219":{"start":{"line":432,"column":12},"end":{"line":432,"column":53}},"220":{"start":{"line":436,"column":8},"end":{"line":436,"column":76}},"221":{"start":{"line":438,"column":8},"end":{"line":438,"column":28}},"222":{"start":{"line":441,"column":34},"end":{"line":456,"column":5}},"223":{"start":{"line":442,"column":24},"end":{"line":442,"column":41}},"224":{"start":{"line":443,"column":21},"end":{"line":443,"column":49}},"225":{"start":{"line":444,"column":23},"end":{"line":444,"column":66}},"226":{"start":{"line":445,"column":27},"end":{"line":445,"column":79}},"227":{"start":{"line":448,"column":8},"end":{"line":450,"column":9}},"228":{"start":{"line":449,"column":12},"end":{"line":449,"column":53}},"229":{"start":{"line":453,"column":8},"end":{"line":453,"column":76}},"230":{"start":{"line":455,"column":8},"end":{"line":455,"column":28}},"231":{"start":{"line":458,"column":25},"end":{"line":458,"column":47}},"232":{"start":{"line":459,"column":26},"end":{"line":459,"column":67}},"233":{"start":{"line":462,"column":4},"end":{"line":462,"column":57}},"234":{"start":{"line":464,"column":4},"end":{"line":464,"column":25}},"235":{"start":{"line":468,"column":26},"end":{"line":468,"column":138}},"236":{"start":{"line":471,"column":25},"end":{"line":471,"column":63}},"237":{"start":{"line":472,"column":4},"end":{"line":475,"column":5}},"238":{"start":{"line":473,"column":8},"end":{"line":473,"column":110}},"239":{"start":{"line":474,"column":8},"end":{"line":474,"column":20}},"240":{"start":{"line":477,"column":19},"end":{"line":483,"column":6}},"241":{"start":{"line":485,"column":21},"end":{"line":491,"column":6}},"242":{"start":{"line":493,"column":4},"end":{"line":496,"column":5}},"243":{"start":{"line":494,"column":8},"end":{"line":494,"column":98}},"244":{"start":{"line":495,"column":8},"end":{"line":495,"column":20}},"245":{"start":{"line":498,"column":17},"end":{"line":498,"column":38}},"246":{"start":{"line":499,"column":4},"end":{"line":499,"column":39}},"247":{"start":{"line":502,"column":4},"end":{"line":502,"column":61}},"248":{"start":{"line":503,"column":4},"end":{"line":503,"column":29}},"249":{"start":{"line":508,"column":4},"end":{"line":508,"column":46}},"250":{"start":{"line":509,"column":4},"end":{"line":519,"column":11}},"251":{"start":{"line":512,"column":12},"end":{"line":512,"column":40}},"252":{"start":{"line":514,"column":12},"end":{"line":514,"column":71}},"253":{"start":{"line":517,"column":12},"end":{"line":517,"column":57}},"254":{"start":{"line":518,"column":12},"end":{"line":518,"column":66}}},"fnMap":{"0":{"name":"(anonymous_0)","decl":{"start":{"line":1,"column":13},"end":{"line":1,"column":14}},"loc":{"start":{"line":1,"column":23},"end":{"line":356,"column":5}},"line":1},"1":{"name":"(anonymous_1)","decl":{"start":{"line":16,"column":24},"end":{"line":16,"column":25}},"loc":{"start":{"line":16,"column":35},"end":{"line":21,"column":5}},"line":16},"2":{"name":"(anonymous_2)","decl":{"start":{"line":23,"column":23},"end":{"line":23,"column":24}},"loc":{"start":{"line":23,"column":34},"end":{"line":25,"column":5}},"line":23},"3":{"name":"(anonymous_3)","decl":{"start":{"line":27,"column":21},"end":{"line":27,"column":22}},"loc":{"start":{"line":27,"column":32},"end":{"line":29,"column":5}},"line":27},"4":{"name":"(anonymous_4)","decl":{"start":{"line":31,"column":21},"end":{"line":31,"column":22}},"loc":{"start":{"line":31,"column":32},"end":{"line":33,"column":5}},"line":31},"5":{"name":"(anonymous_5)","decl":{"start":{"line":35,"column":22},"end":{"line":35,"column":23}},"loc":{"start":{"line":35,"column":32},"end":{"line":40,"column":5}},"line":35},"6":{"name":"(anonymous_6)","decl":{"start":{"line":42,"column":24},"end":{"line":42,"column":25}},"loc":{"start":{"line":42,"column":34},"end":{"line":63,"column":5}},"line":42},"7":{"name":"(anonymous_7)","decl":{"start":{"line":45,"column":18},"end":{"line":45,"column":19}},"loc":{"start":{"line":45,"column":35},"end":{"line":47,"column":13}},"line":45},"8":{"name":"(anonymous_8)","decl":{"start":{"line":48,"column":18},"end":{"line":48,"column":19}},"loc":{"start":{"line":48,"column":24},"end":{"line":53,"column":13}},"line":48},"9":{"name":"(anonymous_9)","decl":{"start":{"line":65,"column":25},"end":{"line":65,"column":26}},"loc":{"start":{"line":65,"column":49},"end":{"line":68,"column":5}},"line":65},"10":{"name":"(anonymous_10)","decl":{"start":{"line":71,"column":30},"end":{"line":71,"column":31}},"loc":{"start":{"line":71,"column":56},"end":{"line":78,"column":5}},"line":71},"11":{"name":"(anonymous_11)","decl":{"start":{"line":80,"column":24},"end":{"line":80,"column":25}},"loc":{"start":{"line":80,"column":44},"end":{"line":99,"column":5}},"line":80},"12":{"name":"(anonymous_12)","decl":{"start":{"line":101,"column":18},"end":{"line":101,"column":19}},"loc":{"start":{"line":101,"column":37},"end":{"line":120,"column":5}},"line":101},"13":{"name":"(anonymous_13)","decl":{"start":{"line":122,"column":23},"end":{"line":122,"column":24}},"loc":{"start":{"line":122,"column":38},"end":{"line":140,"column":5}},"line":122},"14":{"name":"(anonymous_14)","decl":{"start":{"line":142,"column":20},"end":{"line":142,"column":21}},"loc":{"start":{"line":142,"column":31},"end":{"line":174,"column":5}},"line":142},"15":{"name":"(anonymous_15)","decl":{"start":{"line":150,"column":18},"end":{"line":150,"column":19}},"loc":{"start":{"line":150,"column":24},"end":{"line":152,"column":13}},"line":150},"16":{"name":"(anonymous_16)","decl":{"start":{"line":153,"column":18},"end":{"line":153,"column":19}},"loc":{"start":{"line":153,"column":24},"end":{"line":161,"column":13}},"line":153},"17":{"name":"(anonymous_17)","decl":{"start":{"line":162,"column":18},"end":{"line":162,"column":19}},"loc":{"start":{"line":162,"column":24},"end":{"line":164,"column":13}},"line":162},"18":{"name":"(anonymous_18)","decl":{"start":{"line":165,"column":18},"end":{"line":165,"column":19}},"loc":{"start":{"line":165,"column":24},"end":{"line":167,"column":13}},"line":165},"19":{"name":"(anonymous_19)","decl":{"start":{"line":168,"column":18},"end":{"line":168,"column":19}},"loc":{"start":{"line":168,"column":24},"end":{"line":170,"column":13}},"line":168},"20":{"name":"(anonymous_20)","decl":{"start":{"line":171,"column":19},"end":{"line":171,"column":20}},"loc":{"start":{"line":171,"column":28},"end":{"line":173,"column":13}},"line":171},"21":{"name":"(anonymous_21)","decl":{"start":{"line":176,"column":19},"end":{"line":176,"column":20}},"loc":{"start":{"line":176,"column":30},"end":{"line":194,"column":5}},"line":176},"22":{"name":"(anonymous_22)","decl":{"start":{"line":184,"column":18},"end":{"line":184,"column":19}},"loc":{"start":{"line":184,"column":24},"end":{"line":186,"column":13}},"line":184},"23":{"name":"(anonymous_23)","decl":{"start":{"line":187,"column":18},"end":{"line":187,"column":19}},"loc":{"start":{"line":187,"column":24},"end":{"line":189,"column":13}},"line":187},"24":{"name":"(anonymous_24)","decl":{"start":{"line":190,"column":19},"end":{"line":190,"column":20}},"loc":{"start":{"line":190,"column":28},"end":{"line":192,"column":13}},"line":190},"25":{"name":"(anonymous_25)","decl":{"start":{"line":196,"column":25},"end":{"line":196,"column":26}},"loc":{"start":{"line":196,"column":45},"end":{"line":237,"column":5}},"line":196},"26":{"name":"(anonymous_26)","decl":{"start":{"line":239,"column":29},"end":{"line":239,"column":30}},"loc":{"start":{"line":239,"column":47},"end":{"line":253,"column":5}},"line":239},"27":{"name":"(anonymous_27)","decl":{"start":{"line":244,"column":40},"end":{"line":244,"column":41}},"loc":{"start":{"line":244,"column":68},"end":{"line":252,"column":9}},"line":244},"28":{"name":"connectAndSubscribe","decl":{"start":{"line":256,"column":13},"end":{"line":256,"column":32}},"loc":{"start":{"line":256,"column":35},"end":{"line":288,"column":5}},"line":256},"29":{"name":"(anonymous_29)","decl":{"start":{"line":261,"column":32},"end":{"line":261,"column":33}},"loc":{"start":{"line":261,"column":49},"end":{"line":286,"column":9}},"line":261},"30":{"name":"(anonymous_30)","decl":{"start":{"line":263,"column":75},"end":{"line":263,"column":76}},"loc":{"start":{"line":263,"column":89},"end":{"line":266,"column":13}},"line":263},"31":{"name":"(anonymous_31)","decl":{"start":{"line":268,"column":76},"end":{"line":268,"column":77}},"loc":{"start":{"line":268,"column":90},"end":{"line":272,"column":13}},"line":268},"32":{"name":"(anonymous_32)","decl":{"start":{"line":274,"column":76},"end":{"line":274,"column":77}},"loc":{"start":{"line":274,"column":91},"end":{"line":279,"column":13}},"line":274},"33":{"name":"(anonymous_33)","decl":{"start":{"line":281,"column":40},"end":{"line":281,"column":41}},"loc":{"start":{"line":281,"column":58},"end":{"line":284,"column":13}},"line":281},"34":{"name":"disableConfigurations","decl":{"start":{"line":290,"column":13},"end":{"line":290,"column":34}},"loc":{"start":{"line":290,"column":37},"end":{"line":300,"column":5}},"line":290},"35":{"name":"(anonymous_35)","decl":{"start":{"line":293,"column":23},"end":{"line":293,"column":24}},"loc":{"start":{"line":293,"column":32},"end":{"line":293,"column":53}},"line":293},"36":{"name":"disconnect","decl":{"start":{"line":302,"column":13},"end":{"line":302,"column":23}},"loc":{"start":{"line":302,"column":26},"end":{"line":307,"column":5}},"line":302},"37":{"name":"(anonymous_37)","decl":{"start":{"line":310,"column":65},"end":{"line":310,"column":66}},"loc":{"start":{"line":310,"column":76},"end":{"line":314,"column":5}},"line":310},"38":{"name":"(anonymous_38)","decl":{"start":{"line":316,"column":62},"end":{"line":316,"column":63}},"loc":{"start":{"line":316,"column":73},"end":{"line":320,"column":5}},"line":316},"39":{"name":"(anonymous_39)","decl":{"start":{"line":322,"column":65},"end":{"line":322,"column":66}},"loc":{"start":{"line":322,"column":76},"end":{"line":326,"column":5}},"line":322},"40":{"name":"(anonymous_40)","decl":{"start":{"line":328,"column":65},"end":{"line":328,"column":66}},"loc":{"start":{"line":328,"column":76},"end":{"line":332,"column":5}},"line":328},"41":{"name":"(anonymous_41)","decl":{"start":{"line":334,"column":68},"end":{"line":334,"column":69}},"loc":{"start":{"line":334,"column":79},"end":{"line":337,"column":5}},"line":334},"42":{"name":"(anonymous_42)","decl":{"start":{"line":360,"column":46},"end":{"line":360,"column":47}},"loc":{"start":{"line":360,"column":58},"end":{"line":400,"column":1}},"line":360},"43":{"name":"(anonymous_43)","decl":{"start":{"line":381,"column":18},"end":{"line":381,"column":19}},"loc":{"start":{"line":381,"column":26},"end":{"line":385,"column":13}},"line":381},"44":{"name":"(anonymous_44)","decl":{"start":{"line":386,"column":18},"end":{"line":386,"column":19}},"loc":{"start":{"line":386,"column":24},"end":{"line":389,"column":13}},"line":386},"45":{"name":"(anonymous_45)","decl":{"start":{"line":390,"column":19},"end":{"line":390,"column":20}},"loc":{"start":{"line":390,"column":28},"end":{"line":392,"column":13}},"line":390},"46":{"name":"redirectToAuthentication","decl":{"start":{"line":402,"column":15},"end":{"line":402,"column":39}},"loc":{"start":{"line":402,"column":52},"end":{"line":422,"column":1}},"line":402},"47":{"name":"(anonymous_47)","decl":{"start":{"line":424,"column":39},"end":{"line":424,"column":40}},"loc":{"start":{"line":424,"column":56},"end":{"line":465,"column":1}},"line":424},"48":{"name":"(anonymous_48)","decl":{"start":{"line":425,"column":33},"end":{"line":425,"column":34}},"loc":{"start":{"line":425,"column":39},"end":{"line":439,"column":5}},"line":425},"49":{"name":"(anonymous_49)","decl":{"start":{"line":441,"column":34},"end":{"line":441,"column":35}},"loc":{"start":{"line":441,"column":58},"end":{"line":456,"column":5}},"line":441},"50":{"name":"exchangeCodeForToken","decl":{"start":{"line":467,"column":15},"end":{"line":467,"column":35}},"loc":{"start":{"line":467,"column":46},"end":{"line":504,"column":1}},"line":467},"51":{"name":"createGameForPlayer","decl":{"start":{"line":506,"column":9},"end":{"line":506,"column":28}},"loc":{"start":{"line":506,"column":54},"end":{"line":520,"column":1}},"line":506},"52":{"name":"(anonymous_52)","decl":{"start":{"line":510,"column":14},"end":{"line":510,"column":15}},"loc":{"start":{"line":510,"column":28},"end":{"line":515,"column":9}},"line":510},"53":{"name":"(anonymous_53)","decl":{"start":{"line":516,"column":15},"end":{"line":516,"column":16}},"loc":{"start":{"line":516,"column":26},"end":{"line":519,"column":9}},"line":516}},"branchMap":{"0":{"loc":{"start":{"line":37,"column":8},"end":{"line":39,"column":9}},"type":"if","locations":[{"start":{"line":37,"column":8},"end":{"line":39,"column":9}},{"start":{},"end":{}}],"line":37},"1":{"loc":{"start":{"line":49,"column":16},"end":{"line":51,"column":17}},"type":"if","locations":[{"start":{"line":49,"column":16},"end":{"line":51,"column":17}},{"start":{},"end":{}}],"line":49},"2":{"loc":{"start":{"line":72,"column":8},"end":{"line":77,"column":9}},"type":"if","locations":[{"start":{"line":72,"column":8},"end":{"line":77,"column":9}},{"start":{"line":75,"column":15},"end":{"line":77,"column":9}}],"line":72},"3":{"loc":{"start":{"line":72,"column":12},"end":{"line":72,"column":48}},"type":"binary-expr","locations":[{"start":{"line":72,"column":12},"end":{"line":72,"column":23}},{"start":{"line":72,"column":27},"end":{"line":72,"column":48}}],"line":72},"4":{"loc":{"start":{"line":86,"column":8},"end":{"line":92,"column":9}},"type":"if","locations":[{"start":{"line":86,"column":8},"end":{"line":92,"column":9}},{"start":{},"end":{}}],"line":86},"5":{"loc":{"start":{"line":86,"column":12},"end":{"line":86,"column":60}},"type":"binary-expr","locations":[{"start":{"line":86,"column":12},"end":{"line":86,"column":21}},{"start":{"line":86,"column":25},"end":{"line":86,"column":35}},{"start":{"line":86,"column":39},"end":{"line":86,"column":47}},{"start":{"line":86,"column":51},"end":{"line":86,"column":60}}],"line":86},"6":{"loc":{"start":{"line":107,"column":8},"end":{"line":113,"column":9}},"type":"if","locations":[{"start":{"line":107,"column":8},"end":{"line":113,"column":9}},{"start":{},"end":{}}],"line":107},"7":{"loc":{"start":{"line":107,"column":12},"end":{"line":107,"column":53}},"type":"binary-expr","locations":[{"start":{"line":107,"column":12},"end":{"line":107,"column":19}},{"start":{"line":107,"column":23},"end":{"line":107,"column":30}},{"start":{"line":107,"column":34},"end":{"line":107,"column":41}},{"start":{"line":107,"column":45},"end":{"line":107,"column":53}}],"line":107},"8":{"loc":{"start":{"line":128,"column":8},"end":{"line":134,"column":9}},"type":"if","locations":[{"start":{"line":128,"column":8},"end":{"line":134,"column":9}},{"start":{},"end":{}}],"line":128},"9":{"loc":{"start":{"line":128,"column":12},"end":{"line":128,"column":33}},"type":"binary-expr","locations":[{"start":{"line":128,"column":12},"end":{"line":128,"column":20}},{"start":{"line":128,"column":24},"end":{"line":128,"column":33}}],"line":128},"10":{"loc":{"start":{"line":144,"column":8},"end":{"line":147,"column":9}},"type":"if","locations":[{"start":{"line":144,"column":8},"end":{"line":147,"column":9}},{"start":{},"end":{}}],"line":144},"11":{"loc":{"start":{"line":178,"column":8},"end":{"line":181,"column":9}},"type":"if","locations":[{"start":{"line":178,"column":8},"end":{"line":181,"column":9}},{"start":{},"end":{}}],"line":178},"12":{"loc":{"start":{"line":199,"column":8},"end":{"line":213,"column":9}},"type":"if","locations":[{"start":{"line":199,"column":8},"end":{"line":213,"column":9}},{"start":{},"end":{}}],"line":199},"13":{"loc":{"start":{"line":200,"column":12},"end":{"line":205,"column":13}},"type":"if","locations":[{"start":{"line":200,"column":12},"end":{"line":205,"column":13}},{"start":{},"end":{}}],"line":200},"14":{"loc":{"start":{"line":207,"column":12},"end":{"line":212,"column":13}},"type":"if","locations":[{"start":{"line":207,"column":12},"end":{"line":212,"column":13}},{"start":{},"end":{}}],"line":207},"15":{"loc":{"start":{"line":215,"column":8},"end":{"line":226,"column":9}},"type":"if","locations":[{"start":{"line":215,"column":8},"end":{"line":226,"column":9}},{"start":{},"end":{}}],"line":215},"16":{"loc":{"start":{"line":215,"column":12},"end":{"line":215,"column":58}},"type":"binary-expr","locations":[{"start":{"line":215,"column":12},"end":{"line":215,"column":33}},{"start":{"line":215,"column":37},"end":{"line":215,"column":58}}],"line":215},"17":{"loc":{"start":{"line":229,"column":8},"end":{"line":236,"column":9}},"type":"if","locations":[{"start":{"line":229,"column":8},"end":{"line":236,"column":9}},{"start":{},"end":{}}],"line":229},"18":{"loc":{"start":{"line":245,"column":12},"end":{"line":251,"column":13}},"type":"if","locations":[{"start":{"line":245,"column":12},"end":{"line":251,"column":13}},{"start":{},"end":{}}],"line":245},"19":{"loc":{"start":{"line":297,"column":8},"end":{"line":299,"column":9}},"type":"if","locations":[{"start":{"line":297,"column":8},"end":{"line":299,"column":9}},{"start":{},"end":{}}],"line":297},"20":{"loc":{"start":{"line":303,"column":8},"end":{"line":305,"column":9}},"type":"if","locations":[{"start":{"line":303,"column":8},"end":{"line":305,"column":9}},{"start":{},"end":{}}],"line":303},"21":{"loc":{"start":{"line":372,"column":4},"end":{"line":396,"column":5}},"type":"if","locations":[{"start":{"line":372,"column":4},"end":{"line":396,"column":5}},{"start":{"line":393,"column":10},"end":{"line":396,"column":5}}],"line":372},"22":{"loc":{"start":{"line":376,"column":8},"end":{"line":379,"column":9}},"type":"if","locations":[{"start":{"line":376,"column":8},"end":{"line":379,"column":9}},{"start":{},"end":{}}],"line":376},"23":{"loc":{"start":{"line":472,"column":4},"end":{"line":475,"column":5}},"type":"if","locations":[{"start":{"line":472,"column":4},"end":{"line":475,"column":5}},{"start":{},"end":{}}],"line":472},"24":{"loc":{"start":{"line":493,"column":4},"end":{"line":496,"column":5}},"type":"if","locations":[{"start":{"line":493,"column":4},"end":{"line":496,"column":5}},{"start":{},"end":{}}],"line":493}},"s":{"0":12,"1":12,"2":12,"3":12,"4":12,"5":12,"6":12,"7":12,"8":12,"9":12,"10":12,"11":12,"12":12,"13":1,"14":12,"15":1,"16":12,"17":2,"18":12,"19":3,"20":12,"21":2,"22":2,"23":1,"24":12,"25":0,"26":0,"27":0,"28":0,"29":0,"30":0,"31":12,"32":1,"33":1,"34":12,"35":3,"36":0,"37":0,"38":3,"39":12,"40":3,"41":3,"42":3,"43":3,"44":2,"45":2,"46":2,"47":2,"48":1,"49":1,"50":1,"51":1,"52":12,"53":3,"54":3,"55":3,"56":3,"57":2,"58":2,"59":2,"60":2,"61":1,"62":1,"63":1,"64":1,"65":12,"66":2,"67":2,"68":2,"69":2,"70":1,"71":1,"72":1,"73":1,"74":1,"75":1,"76":1,"77":12,"78":0,"79":0,"80":0,"81":0,"82":0,"83":0,"84":0,"85":0,"86":0,"87":0,"88":0,"89":12,"90":0,"91":0,"92":0,"93":0,"94":0,"95":0,"96":0,"97":12,"98":1,"99":1,"100":1,"101":1,"102":1,"103":1,"104":1,"105":1,"106":1,"107":1,"108":1,"109":1,"110":1,"111":1,"112":1,"113":1,"114":1,"115":1,"116":1,"117":1,"118":1,"119":1,"120":1,"121":1,"122":1,"123":12,"124":0,"125":0,"126":0,"127":0,"128":0,"129":0,"130":0,"131":0,"132":0,"133":0,"134":0,"135":0,"136":0,"137":0,"138":0,"139":0,"140":0,"141":0,"142":0,"143":0,"144":0,"145":0,"146":0,"147":0,"148":0,"149":0,"150":0,"151":0,"152":0,"153":0,"154":0,"155":0,"156":0,"157":0,"158":0,"159":0,"160":0,"161":0,"162":12,"163":0,"164":0,"165":0,"166":12,"167":0,"168":0,"169":0,"170":12,"171":0,"172":0,"173":0,"174":12,"175":0,"176":0,"177":0,"178":12,"179":0,"180":0,"181":12,"182":12,"183":12,"184":0,"185":0,"186":0,"187":0,"188":0,"189":0,"190":0,"191":0,"192":0,"193":0,"194":0,"195":0,"196":0,"197":0,"198":0,"199":0,"200":0,"201":0,"202":0,"203":0,"204":0,"205":0,"206":0,"207":0,"208":0,"209":0,"210":0,"211":0,"212":0,"213":12,"214":0,"215":0,"216":0,"217":0,"218":0,"219":0,"220":0,"221":0,"222":0,"223":0,"224":0,"225":0,"226":0,"227":0,"228":0,"229":0,"230":0,"231":0,"232":0,"233":0,"234":0,"235":0,"236":0,"237":0,"238":0,"239":0,"240":0,"241":0,"242":0,"243":0,"244":0,"245":0,"246":0,"247":0,"248":0,"249":0,"250":0,"251":0,"252":0,"253":0,"254":0},"f":{"0":12,"1":1,"2":1,"3":2,"4":3,"5":2,"6":0,"7":0,"8":0,"9":1,"10":3,"11":3,"12":3,"13":2,"14":0,"15":0,"16":0,"17":0,"18":0,"19":0,"20":0,"21":0,"22":0,"23":0,"24":0,"25":1,"26":0,"27":0,"28":0,"29":0,"30":0,"31":0,"32":0,"33":0,"34":0,"35":0,"36":0,"37":0,"38":0,"39":0,"40":0,"41":0,"42":0,"43":0,"44":0,"45":0,"46":0,"47":0,"48":0,"49":0,"50":0,"51":0,"52":0,"53":0},"b":{"0":[1,1],"1":[0,0],"2":[0,3],"3":[3,0],"4":[2,1],"5":[3,2,1,1],"6":[2,1],"7":[3,3,2,2],"8":[1,1],"9":[2,2],"10":[0,0],"11":[0,0],"12":[1,0],"13":[1,0],"14":[1,0],"15":[1,0],"16":[1,1],"17":[1,0],"18":[0,0],"19":[0,0],"20":[0,0],"21":[0,0],"22":[0,0],"23":[0,0],"24":[0,0]},"_coverageSchema":"1a1c01bbd47fc00a2c39e90264f33305004495a9","hash":"a1836db6904d0ce8f811eac30291bcaff5124e89"}
,"C:\\Users\\Mauricio Monroy\\GridMaster_Frontend\\src\\main\\resources\\static\\js\\summary.js": {"path":"C:\\Users\\Mauricio Monroy\\GridMaster_Frontend\\src\\main\\resources\\static\\js\\summary.js","statementMap":{"0":{"start":{"line":1,"column":14},"end":{"line":57,"column":4}},"1":{"start":{"line":2,"column":19},"end":{"line":2,"column":53}},"2":{"start":{"line":3,"column":21},"end":{"line":3,"column":57}},"3":{"start":{"line":6,"column":22},"end":{"line":8,"column":5}},"4":{"start":{"line":7,"column":8},"end":{"line":7,"column":24}},"5":{"start":{"line":10,"column":22},"end":{"line":12,"column":5}},"6":{"start":{"line":11,"column":8},"end":{"line":11,"column":24}},"7":{"start":{"line":14,"column":27},"end":{"line":29,"column":5}},"8":{"start":{"line":15,"column":8},"end":{"line":28,"column":11}},"9":{"start":{"line":16,"column":35},"end":{"line":16,"column":76}},"10":{"start":{"line":17,"column":16},"end":{"line":17,"column":46}},"11":{"start":{"line":19,"column":16},"end":{"line":27,"column":19}},"12":{"start":{"line":20,"column":32},"end":{"line":20,"column":60}},"13":{"start":{"line":21,"column":20},"end":{"line":25,"column":22}},"14":{"start":{"line":26,"column":20},"end":{"line":26,"column":52}},"15":{"start":{"line":31,"column":30},"end":{"line":41,"column":5}},"16":{"start":{"line":32,"column":31},"end":{"line":32,"column":68}},"17":{"start":{"line":33,"column":35},"end":{"line":33,"column":75}},"18":{"start":{"line":34,"column":32},"end":{"line":34,"column":64}},"19":{"start":{"line":36,"column":8},"end":{"line":40,"column":11}},"20":{"start":{"line":37,"column":12},"end":{"line":37,"column":53}},"21":{"start":{"line":38,"column":12},"end":{"line":38,"column":71}},"22":{"start":{"line":39,"column":12},"end":{"line":39,"column":62}},"23":{"start":{"line":43,"column":21},"end":{"line":47,"column":5}},"24":{"start":{"line":44,"column":8},"end":{"line":46,"column":11}},"25":{"start":{"line":45,"column":12},"end":{"line":45,"column":47}},"26":{"start":{"line":49,"column":4},"end":{"line":55,"column":6}},"27":{"start":{"line":59,"column":0},"end":{"line":78,"column":3}},"28":{"start":{"line":60,"column":19},"end":{"line":60,"column":53}},"29":{"start":{"line":61,"column":21},"end":{"line":61,"column":57}},"30":{"start":{"line":64,"column":4},"end":{"line":64,"column":34}},"31":{"start":{"line":66,"column":4},"end":{"line":70,"column":5}},"32":{"start":{"line":67,"column":8},"end":{"line":67,"column":43}},"33":{"start":{"line":69,"column":8},"end":{"line":69,"column":47}},"34":{"start":{"line":72,"column":4},"end":{"line":76,"column":5}},"35":{"start":{"line":73,"column":8},"end":{"line":73,"column":58}},"36":{"start":{"line":75,"column":8},"end":{"line":75,"column":44}},"37":{"start":{"line":80,"column":0},"end":{"line":80,"column":25}}},"fnMap":{"0":{"name":"(anonymous_0)","decl":{"start":{"line":1,"column":15},"end":{"line":1,"column":16}},"loc":{"start":{"line":1,"column":25},"end":{"line":57,"column":1}},"line":1},"1":{"name":"(anonymous_1)","decl":{"start":{"line":6,"column":22},"end":{"line":6,"column":23}},"loc":{"start":{"line":6,"column":36},"end":{"line":8,"column":5}},"line":6},"2":{"name":"(anonymous_2)","decl":{"start":{"line":10,"column":22},"end":{"line":10,"column":23}},"loc":{"start":{"line":10,"column":32},"end":{"line":12,"column":5}},"line":10},"3":{"name":"(anonymous_3)","decl":{"start":{"line":14,"column":27},"end":{"line":14,"column":28}},"loc":{"start":{"line":14,"column":46},"end":{"line":29,"column":5}},"line":14},"4":{"name":"(anonymous_4)","decl":{"start":{"line":15,"column":36},"end":{"line":15,"column":37}},"loc":{"start":{"line":15,"column":54},"end":{"line":28,"column":9}},"line":15},"5":{"name":"(anonymous_5)","decl":{"start":{"line":19,"column":48},"end":{"line":19,"column":49}},"loc":{"start":{"line":19,"column":76},"end":{"line":27,"column":17}},"line":19},"6":{"name":"(anonymous_6)","decl":{"start":{"line":31,"column":30},"end":{"line":31,"column":31}},"loc":{"start":{"line":31,"column":61},"end":{"line":41,"column":5}},"line":31},"7":{"name":"(anonymous_7)","decl":{"start":{"line":36,"column":49},"end":{"line":36,"column":50}},"loc":{"start":{"line":36,"column":66},"end":{"line":40,"column":9}},"line":36},"8":{"name":"(anonymous_8)","decl":{"start":{"line":43,"column":21},"end":{"line":43,"column":22}},"loc":{"start":{"line":43,"column":31},"end":{"line":47,"column":5}},"line":43},"9":{"name":"(anonymous_9)","decl":{"start":{"line":44,"column":38},"end":{"line":44,"column":39}},"loc":{"start":{"line":44,"column":44},"end":{"line":46,"column":9}},"line":44},"10":{"name":"(anonymous_10)","decl":{"start":{"line":59,"column":46},"end":{"line":59,"column":47}},"loc":{"start":{"line":59,"column":57},"end":{"line":78,"column":1}},"line":59}},"branchMap":{"0":{"loc":{"start":{"line":66,"column":4},"end":{"line":70,"column":5}},"type":"if","locations":[{"start":{"line":66,"column":4},"end":{"line":70,"column":5}},{"start":{"line":68,"column":11},"end":{"line":70,"column":5}}],"line":66},"1":{"loc":{"start":{"line":72,"column":4},"end":{"line":76,"column":5}},"type":"if","locations":[{"start":{"line":72,"column":4},"end":{"line":76,"column":5}},{"start":{"line":74,"column":11},"end":{"line":76,"column":5}}],"line":72}},"s":{"0":1,"1":1,"2":1,"3":1,"4":1,"5":1,"6":1,"7":1,"8":0,"9":0,"10":0,"11":0,"12":0,"13":0,"14":0,"15":1,"16":0,"17":0,"18":0,"19":0,"20":0,"21":0,"22":0,"23":1,"24":0,"25":0,"26":1,"27":1,"28":0,"29":0,"30":0,"31":0,"32":0,"33":0,"34":0,"35":0,"36":0,"37":1},"f":{"0":1,"1":1,"2":1,"3":0,"4":0,"5":0,"6":0,"7":0,"8":0,"9":0,"10":0},"b":{"0":[0,0],"1":[0,0]},"_coverageSchema":"1a1c01bbd47fc00a2c39e90264f33305004495a9","hash":"d1b95e6db4e929d488d7760f9615b5951524c032"}
}
