TN:
SF:src\main\resources\static\js\game.js
FN:1,(anonymous_0)
FN:21,(anonymous_1)
FN:25,(anonymous_2)
FN:29,(anonymous_3)
FN:33,setPlayerRow
FN:37,setPlayerColumn
FN:41,setPlayerColor
FN:45,setGrid
FN:56,(anonymous_8)
FN:57,(anonymous_9)
FN:70,(anonymous_10)
FN:81,(anonymous_11)
FN:87,(anonymous_12)
FN:88,(anonymous_13)
FN:90,(anonymous_14)
FN:96,(anonymous_15)
FN:107,rgbToHex
FN:108,(anonymous_17)
FN:111,(anonymous_18)
FN:153,(anonymous_19)
FN:154,(anonymous_20)
FN:159,(anonymous_21)
FN:177,(anonymous_22)
FN:181,(anonymous_23)
FN:192,(anonymous_24)
FN:197,(anonymous_25)
FN:216,(anonymous_26)
FN:218,(anonymous_27)
FN:218,(anonymous_28)
FN:224,processMove
FN:244,(anonymous_30)
FN:245,(anonymous_31)
FN:262,(anonymous_32)
FN:267,(anonymous_33)
FN:286,centerViewOnPlayer
FN:294,subscribeToPlayers
FN:296,(anonymous_36)
FN:298,(anonymous_37)
FN:333,connectAndSubscribe
FN:337,(anonymous_39)
FN:339,(anonymous_40)
FN:343,(anonymous_41)
FN:347,(anonymous_42)
FN:351,(anonymous_43)
FN:352,(anonymous_44)
FN:357,(anonymous_45)
FN:364,disconnect
FN:390,(anonymous_47)
FN:403,(anonymous_48)
FNF:49
FNH:11
FNDA:1,(anonymous_0)
FNDA:0,(anonymous_1)
FNDA:4,(anonymous_2)
FNDA:4,(anonymous_3)
FNDA:2,setPlayerRow
FNDA:2,setPlayerColumn
FNDA:2,setPlayerColor
FNDA:2,setGrid
FNDA:0,(anonymous_8)
FNDA:0,(anonymous_9)
FNDA:0,(anonymous_10)
FNDA:10,(anonymous_11)
FNDA:0,(anonymous_12)
FNDA:0,(anonymous_13)
FNDA:0,(anonymous_14)
FNDA:0,(anonymous_15)
FNDA:10,rgbToHex
FNDA:30,(anonymous_17)
FNDA:0,(anonymous_18)
FNDA:0,(anonymous_19)
FNDA:0,(anonymous_20)
FNDA:0,(anonymous_21)
FNDA:0,(anonymous_22)
FNDA:0,(anonymous_23)
FNDA:0,(anonymous_24)
FNDA:0,(anonymous_25)
FNDA:0,(anonymous_26)
FNDA:0,(anonymous_27)
FNDA:0,(anonymous_28)
FNDA:0,processMove
FNDA:0,(anonymous_30)
FNDA:0,(anonymous_31)
FNDA:0,(anonymous_32)
FNDA:2,(anonymous_33)
FNDA:0,centerViewOnPlayer
FNDA:0,subscribeToPlayers
FNDA:0,(anonymous_36)
FNDA:0,(anonymous_37)
FNDA:0,connectAndSubscribe
FNDA:0,(anonymous_39)
FNDA:0,(anonymous_40)
FNDA:0,(anonymous_41)
FNDA:0,(anonymous_42)
FNDA:0,(anonymous_43)
FNDA:0,(anonymous_44)
FNDA:0,(anonymous_45)
FNDA:0,disconnect
FNDA:0,(anonymous_47)
FNDA:0,(anonymous_48)
DA:1,1
DA:2,1
DA:4,1
DA:5,1
DA:6,1
DA:7,1
DA:8,1
DA:9,1
DA:10,1
DA:12,1
DA:13,1
DA:14,1
DA:15,1
DA:16,1
DA:18,1
DA:21,1
DA:22,1
DA:23,1
DA:25,1
DA:26,4
DA:29,1
DA:30,4
DA:34,2
DA:38,2
DA:42,2
DA:46,2
DA:49,1
DA:56,1
DA:57,0
DA:58,0
DA:59,0
DA:60,0
DA:61,0
DA:62,0
DA:63,0
DA:65,0
DA:67,0
DA:69,0
DA:71,0
DA:75,0
DA:76,0
DA:77,0
DA:81,1
DA:82,10
DA:83,10
DA:87,1
DA:88,0
DA:89,0
DA:91,0
DA:93,0
DA:94,0
DA:95,0
DA:97,0
DA:98,0
DA:99,0
DA:100,0
DA:108,30
DA:111,1
DA:113,0
DA:114,0
DA:115,0
DA:116,0
DA:120,0
DA:121,0
DA:123,0
DA:125,0
DA:126,0
DA:127,0
DA:128,0
DA:131,0
DA:133,0
DA:139,0
DA:140,0
DA:141,0
DA:142,0
DA:143,0
DA:145,0
DA:147,0
DA:148,0
DA:149,0
DA:153,1
DA:154,0
DA:155,0
DA:159,1
DA:161,0
DA:162,0
DA:164,0
DA:165,0
DA:167,0
DA:168,0
DA:169,0
DA:170,0
DA:171,0
DA:173,0
DA:174,0
DA:177,1
DA:178,0
DA:179,0
DA:181,0
DA:182,0
DA:183,0
DA:188,0
DA:192,1
DA:193,0
DA:194,0
DA:197,1
DA:198,0
DA:200,0
DA:201,0
DA:203,0
DA:204,0
DA:206,0
DA:207,0
DA:209,0
DA:210,0
DA:214,1
DA:216,1
DA:218,0
DA:219,0
DA:226,0
DA:227,0
DA:229,0
DA:230,0
DA:233,0
DA:234,0
DA:235,0
DA:236,0
DA:237,0
DA:238,0
DA:239,0
DA:240,0
DA:243,0
DA:244,0
DA:247,0
DA:253,0
DA:254,0
DA:258,0
DA:259,0
DA:263,0
DA:267,1
DA:268,2
DA:269,2
DA:270,2
DA:271,1
DA:273,2
DA:275,2
DA:276,2
DA:279,2
DA:280,2
DA:281,2
DA:282,2
DA:283,2
DA:287,0
DA:288,0
DA:289,0
DA:290,0
DA:291,0
DA:295,0
DA:297,0
DA:298,0
DA:299,0
DA:300,0
DA:301,0
DA:303,0
DA:304,0
DA:306,0
DA:307,0
DA:309,0
DA:310,0
DA:311,0
DA:312,0
DA:313,0
DA:316,0
DA:317,0
DA:318,0
DA:319,0
DA:322,0
DA:323,0
DA:324,0
DA:325,0
DA:334,0
DA:335,0
DA:336,0
DA:337,0
DA:338,0
DA:339,0
DA:340,0
DA:341,0
DA:343,0
DA:344,0
DA:345,0
DA:347,0
DA:348,0
DA:349,0
DA:351,0
DA:352,0
DA:353,0
DA:355,0
DA:357,0
DA:358,0
DA:359,0
DA:365,0
DA:366,0
DA:370,1
DA:388,1
DA:390,1
DA:394,0
DA:395,0
DA:397,0
DA:398,0
DA:400,0
DA:403,0
DA:404,0
LF:213
LH:57
BRDA:114,0,0,0
BRDA:114,0,1,0
BRDA:147,1,0,0
BRDA:147,1,1,0
BRDA:168,2,0,0
BRDA:168,2,1,0
BRDA:198,3,0,0
BRDA:198,3,1,0
BRDA:198,3,2,0
BRDA:198,3,3,0
BRDA:233,4,0,0
BRDA:233,4,1,0
BRDA:233,5,0,0
BRDA:233,5,1,0
BRDA:235,6,0,0
BRDA:235,6,1,0
BRDA:235,7,0,0
BRDA:235,7,1,0
BRDA:237,8,0,0
BRDA:237,8,1,0
BRDA:237,9,0,0
BRDA:237,9,1,0
BRDA:239,10,0,0
BRDA:239,10,1,0
BRDA:239,11,0,0
BRDA:239,11,1,0
BRDA:270,12,0,1
BRDA:270,12,1,1
BRDA:297,13,0,0
BRDA:297,13,1,0
BRDA:312,14,0,0
BRDA:312,14,1,0
BRDA:318,15,0,0
BRDA:318,15,1,0
BRDA:365,16,0,0
BRDA:365,16,1,0
BRDA:397,17,0,0
BRDA:397,17,1,0
BRDA:397,18,0,0
BRDA:397,18,1,0
BRF:40
BRH:2
end_of_record
TN:
SF:src\main\resources\static\js\home.js
FN:1,(anonymous_0)
FN:3,(anonymous_1)
FN:8,(anonymous_2)
FN:43,(anonymous_3)
FN:44,(anonymous_4)
FN:60,(anonymous_5)
FN:86,(anonymous_6)
FN:94,(anonymous_7)
FN:121,(anonymous_8)
FN:123,(anonymous_9)
FN:125,(anonymous_10)
FN:130,(anonymous_11)
FN:141,(anonymous_12)
FNF:13
FNH:4
FNDA:1,(anonymous_0)
FNDA:1,(anonymous_1)
FNDA:0,(anonymous_2)
FNDA:0,(anonymous_3)
FNDA:0,(anonymous_4)
FNDA:0,(anonymous_5)
FNDA:1,(anonymous_6)
FNDA:4,(anonymous_7)
FNDA:0,(anonymous_8)
FNDA:0,(anonymous_9)
FNDA:0,(anonymous_10)
FNDA:0,(anonymous_11)
FNDA:0,(anonymous_12)
DA:1,1
DA:3,1
DA:4,1
DA:5,1
DA:8,1
DA:10,0
DA:12,0
DA:13,0
DA:15,0
DA:16,0
DA:17,0
DA:18,0
DA:21,0
DA:23,0
DA:25,0
DA:26,0
DA:39,0
DA:40,0
DA:43,1
DA:44,0
DA:45,0
DA:46,0
DA:47,0
DA:50,0
DA:51,0
DA:55,0
DA:57,0
DA:60,0
DA:61,0
DA:62,0
DA:63,0
DA:64,0
DA:67,0
DA:68,0
DA:72,0
DA:74,0
DA:77,0
DA:78,0
DA:81,0
DA:83,0
DA:86,1
DA:87,1
DA:88,1
DA:90,1
DA:91,1
DA:94,1
DA:95,4
DA:97,4
DA:99,4
DA:100,4
DA:102,4
DA:103,1
DA:104,1
DA:105,1
DA:108,3
DA:109,1
DA:110,1
DA:111,1
DA:114,2
DA:115,2
DA:116,2
DA:117,2
DA:120,0
DA:122,0
DA:123,0
DA:126,0
DA:127,0
DA:128,0
DA:131,0
DA:132,0
DA:133,0
DA:134,0
DA:135,0
DA:136,0
DA:138,0
DA:142,0
DA:144,0
DA:146,0
DA:147,0
DA:148,0
DA:149,0
DA:150,0
DA:151,0
DA:152,0
DA:153,0
DA:154,0
DA:156,0
DA:161,1
DA:171,1
LF:89
LH:30
BRDA:15,0,0,0
BRDA:15,0,1,0
BRDA:102,1,0,1
BRDA:102,1,1,3
BRDA:108,2,0,1
BRDA:108,2,1,2
BRDA:114,3,0,2
BRDA:114,3,1,0
BRDA:114,4,0,2
BRDA:114,4,1,1
BRDA:135,5,0,0
BRDA:135,5,1,0
BRDA:144,6,0,0
BRDA:144,6,1,0
BRDA:144,6,2,0
BRDA:144,6,3,0
BRDA:146,7,0,0
BRDA:146,7,1,0
BRDA:149,8,0,0
BRDA:149,8,1,0
BRDA:152,9,0,0
BRDA:152,9,1,0
BRF:22
BRH:7
end_of_record
TN:
SF:src\main\resources\static\js\lobby.js
FN:1,(anonymous_0)
FN:16,(anonymous_1)
FN:23,(anonymous_2)
FN:27,(anonymous_3)
FN:31,(anonymous_4)
FN:35,(anonymous_5)
FN:42,(anonymous_6)
FN:45,(anonymous_7)
FN:48,(anonymous_8)
FN:65,(anonymous_9)
FN:71,(anonymous_10)
FN:80,(anonymous_11)
FN:101,(anonymous_12)
FN:122,(anonymous_13)
FN:142,(anonymous_14)
FN:150,(anonymous_15)
FN:153,(anonymous_16)
FN:162,(anonymous_17)
FN:165,(anonymous_18)
FN:168,(anonymous_19)
FN:171,(anonymous_20)
FN:176,(anonymous_21)
FN:184,(anonymous_22)
FN:187,(anonymous_23)
FN:190,(anonymous_24)
FN:196,(anonymous_25)
FN:239,(anonymous_26)
FN:244,(anonymous_27)
FN:256,connectAndSubscribe
FN:261,(anonymous_29)
FN:263,(anonymous_30)
FN:268,(anonymous_31)
FN:274,(anonymous_32)
FN:281,(anonymous_33)
FN:290,disableConfigurations
FN:293,(anonymous_35)
FN:302,disconnect
FN:310,(anonymous_37)
FN:316,(anonymous_38)
FN:322,(anonymous_39)
FN:328,(anonymous_40)
FN:334,(anonymous_41)
FN:360,(anonymous_42)
FN:381,(anonymous_43)
FN:386,(anonymous_44)
FN:390,(anonymous_45)
FN:402,redirectToAuthentication
FN:424,(anonymous_47)
FN:425,(anonymous_48)
FN:441,(anonymous_49)
FN:467,exchangeCodeForToken
FN:506,createGameForPlayer
FN:510,(anonymous_52)
FN:516,(anonymous_53)
FNF:54
FNH:12
FNDA:12,(anonymous_0)
FNDA:1,(anonymous_1)
FNDA:1,(anonymous_2)
FNDA:2,(anonymous_3)
FNDA:3,(anonymous_4)
FNDA:2,(anonymous_5)
FNDA:0,(anonymous_6)
FNDA:0,(anonymous_7)
FNDA:0,(anonymous_8)
FNDA:1,(anonymous_9)
FNDA:3,(anonymous_10)
FNDA:3,(anonymous_11)
FNDA:3,(anonymous_12)
FNDA:2,(anonymous_13)
FNDA:0,(anonymous_14)
FNDA:0,(anonymous_15)
FNDA:0,(anonymous_16)
FNDA:0,(anonymous_17)
FNDA:0,(anonymous_18)
FNDA:0,(anonymous_19)
FNDA:0,(anonymous_20)
FNDA:0,(anonymous_21)
FNDA:0,(anonymous_22)
FNDA:0,(anonymous_23)
FNDA:0,(anonymous_24)
FNDA:1,(anonymous_25)
FNDA:0,(anonymous_26)
FNDA:0,(anonymous_27)
FNDA:0,connectAndSubscribe
FNDA:0,(anonymous_29)
FNDA:0,(anonymous_30)
FNDA:0,(anonymous_31)
FNDA:0,(anonymous_32)
FNDA:0,(anonymous_33)
FNDA:0,disableConfigurations
FNDA:0,(anonymous_35)
FNDA:0,disconnect
FNDA:0,(anonymous_37)
FNDA:0,(anonymous_38)
FNDA:0,(anonymous_39)
FNDA:0,(anonymous_40)
FNDA:0,(anonymous_41)
FNDA:0,(anonymous_42)
FNDA:0,(anonymous_43)
FNDA:0,(anonymous_44)
FNDA:0,(anonymous_45)
FNDA:0,redirectToAuthentication
FNDA:0,(anonymous_47)
FNDA:0,(anonymous_48)
FNDA:0,(anonymous_49)
FNDA:0,exchangeCodeForToken
FNDA:0,createGameForPlayer
FNDA:0,(anonymous_52)
FNDA:0,(anonymous_53)
DA:1,12
DA:2,12
DA:3,12
DA:4,12
DA:5,12
DA:6,12
DA:7,12
DA:8,12
DA:9,12
DA:10,12
DA:11,12
DA:13,12
DA:16,12
DA:17,1
DA:23,12
DA:24,1
DA:27,12
DA:28,2
DA:31,12
DA:32,3
DA:35,12
DA:36,2
DA:37,2
DA:38,1
DA:42,12
DA:43,0
DA:44,0
DA:46,0
DA:49,0
DA:50,0
DA:52,0
DA:65,12
DA:66,1
DA:67,1
DA:71,12
DA:72,3
DA:73,0
DA:74,0
DA:76,3
DA:80,12
DA:81,3
DA:82,3
DA:83,3
DA:86,3
DA:88,2
DA:89,2
DA:90,2
DA:91,2
DA:94,1
DA:95,1
DA:96,1
DA:98,1
DA:101,12
DA:102,3
DA:103,3
DA:104,3
DA:107,3
DA:109,2
DA:110,2
DA:111,2
DA:112,2
DA:115,1
DA:116,1
DA:117,1
DA:119,1
DA:122,12
DA:123,2
DA:124,2
DA:125,2
DA:128,2
DA:130,1
DA:131,1
DA:132,1
DA:133,1
DA:136,1
DA:137,1
DA:139,1
DA:142,12
DA:144,0
DA:145,0
DA:146,0
DA:149,0
DA:151,0
DA:154,0
DA:160,0
DA:163,0
DA:166,0
DA:169,0
DA:172,0
DA:176,12
DA:178,0
DA:179,0
DA:180,0
DA:183,0
DA:185,0
DA:188,0
DA:191,0
DA:196,12
DA:197,1
DA:199,1
DA:200,1
DA:201,1
DA:202,1
DA:203,1
DA:204,1
DA:207,1
DA:208,1
DA:209,1
DA:210,1
DA:211,1
DA:215,1
DA:216,1
DA:217,1
DA:219,1
DA:220,1
DA:222,1
DA:223,1
DA:225,1
DA:229,1
DA:230,1
DA:232,1
DA:233,1
DA:235,1
DA:239,12
DA:240,0
DA:241,0
DA:242,0
DA:244,0
DA:245,0
DA:246,0
DA:247,0
DA:250,0
DA:257,0
DA:258,0
DA:259,0
DA:260,0
DA:261,0
DA:262,0
DA:263,0
DA:264,0
DA:265,0
DA:268,0
DA:269,0
DA:270,0
DA:271,0
DA:274,0
DA:275,0
DA:276,0
DA:277,0
DA:278,0
DA:281,0
DA:282,0
DA:283,0
DA:291,0
DA:293,0
DA:296,0
DA:297,0
DA:298,0
DA:303,0
DA:304,0
DA:306,0
DA:310,12
DA:311,0
DA:312,0
DA:313,0
DA:316,12
DA:317,0
DA:318,0
DA:319,0
DA:322,12
DA:323,0
DA:324,0
DA:325,0
DA:328,12
DA:329,0
DA:330,0
DA:331,0
DA:334,12
DA:335,0
DA:336,0
DA:339,12
DA:358,12
DA:360,12
DA:362,0
DA:363,0
DA:364,0
DA:365,0
DA:366,0
DA:368,0
DA:369,0
DA:370,0
DA:372,0
DA:373,0
DA:374,0
DA:375,0
DA:376,0
DA:377,0
DA:378,0
DA:380,0
DA:382,0
DA:383,0
DA:384,0
DA:387,0
DA:388,0
DA:391,0
DA:394,0
DA:395,0
DA:404,0
DA:406,0
DA:407,0
DA:420,0
DA:421,0
DA:424,12
DA:425,0
DA:426,0
DA:427,0
DA:428,0
DA:431,0
DA:432,0
DA:436,0
DA:438,0
DA:441,0
DA:442,0
DA:443,0
DA:444,0
DA:445,0
DA:448,0
DA:449,0
DA:453,0
DA:455,0
DA:458,0
DA:459,0
DA:462,0
DA:464,0
DA:468,0
DA:471,0
DA:472,0
DA:473,0
DA:474,0
DA:477,0
DA:485,0
DA:493,0
DA:494,0
DA:495,0
DA:498,0
DA:499,0
DA:502,0
DA:503,0
DA:508,0
DA:509,0
DA:512,0
DA:514,0
DA:517,0
DA:518,0
LF:254
LH:107
BRDA:37,0,0,1
BRDA:37,0,1,1
BRDA:49,1,0,0
BRDA:49,1,1,0
BRDA:72,2,0,0
BRDA:72,2,1,3
BRDA:72,3,0,3
BRDA:72,3,1,0
BRDA:86,4,0,2
BRDA:86,4,1,1
BRDA:86,5,0,3
BRDA:86,5,1,2
BRDA:86,5,2,1
BRDA:86,5,3,1
BRDA:107,6,0,2
BRDA:107,6,1,1
BRDA:107,7,0,3
BRDA:107,7,1,3
BRDA:107,7,2,2
BRDA:107,7,3,2
BRDA:128,8,0,1
BRDA:128,8,1,1
BRDA:128,9,0,2
BRDA:128,9,1,2
BRDA:144,10,0,0
BRDA:144,10,1,0
BRDA:178,11,0,0
BRDA:178,11,1,0
BRDA:199,12,0,1
BRDA:199,12,1,0
BRDA:200,13,0,1
BRDA:200,13,1,0
BRDA:207,14,0,1
BRDA:207,14,1,0
BRDA:215,15,0,1
BRDA:215,15,1,0
BRDA:215,16,0,1
BRDA:215,16,1,1
BRDA:229,17,0,1
BRDA:229,17,1,0
BRDA:245,18,0,0
BRDA:245,18,1,0
BRDA:297,19,0,0
BRDA:297,19,1,0
BRDA:303,20,0,0
BRDA:303,20,1,0
BRDA:372,21,0,0
BRDA:372,21,1,0
BRDA:376,22,0,0
BRDA:376,22,1,0
BRDA:472,23,0,0
BRDA:472,23,1,0
BRDA:493,24,0,0
BRDA:493,24,1,0
BRF:54
BRH:27
end_of_record
TN:
SF:src\main\resources\static\js\summary.js
FN:1,(anonymous_0)
FN:6,(anonymous_1)
FN:10,(anonymous_2)
FN:14,(anonymous_3)
FN:15,(anonymous_4)
FN:19,(anonymous_5)
FN:31,(anonymous_6)
FN:36,(anonymous_7)
FN:43,(anonymous_8)
FN:44,(anonymous_9)
FN:59,(anonymous_10)
FNF:11
FNH:3
FNDA:1,(anonymous_0)
FNDA:1,(anonymous_1)
FNDA:1,(anonymous_2)
FNDA:0,(anonymous_3)
FNDA:0,(anonymous_4)
FNDA:0,(anonymous_5)
FNDA:0,(anonymous_6)
FNDA:0,(anonymous_7)
FNDA:0,(anonymous_8)
FNDA:0,(anonymous_9)
FNDA:0,(anonymous_10)
DA:1,1
DA:2,1
DA:3,1
DA:6,1
DA:7,1
DA:10,1
DA:11,1
DA:14,1
DA:15,0
DA:16,0
DA:17,0
DA:19,0
DA:20,0
DA:21,0
DA:26,0
DA:31,1
DA:32,0
DA:33,0
DA:34,0
DA:36,0
DA:37,0
DA:38,0
DA:39,0
DA:43,1
DA:44,0
DA:45,0
DA:49,1
DA:59,1
DA:60,0
DA:61,0
DA:64,0
DA:66,0
DA:67,0
DA:69,0
DA:72,0
DA:73,0
DA:75,0
DA:80,1
LF:38
LH:13
BRDA:66,0,0,0
BRDA:66,0,1,0
BRDA:72,1,0,0
BRDA:72,1,1,0
BRF:4
BRH:0
end_of_record
